# JRE version: 7.0_21-b11
# Java VM: Java HotSpot(TM) 64-Bit Server VM (23.21-b01 mixed mode windows-amd64 compressed oops)
Heap
 PSYoungGen      total 369920K, used 138531K [0x00000000e10b0000, 0x0000000100000000, 0x0000000100000000)
  eden space 318656K, 32% used [0x00000000e10b0000,0x00000000e764bfa8,0x00000000f47e0000)
  from space 51264K, 67% used [0x00000000f47e0000,0x00000000f698d000,0x00000000f79f0000)
  to   space 53760K, 0% used [0x00000000fcb80000,0x00000000fcb80000,0x0000000100000000)
 ParOldGen       total 94400K, used 49516K [0x00000000a3200000, 0x00000000a8e30000, 0x00000000e10b0000)
  object space 94400K, 52% used [0x00000000a3200000,0x00000000a625b318,0x00000000a8e30000)
 PSPermGen       total 21248K, used 5933K [0x000000009e000000, 0x000000009f4c0000, 0x00000000a3200000)
  object space 21248K, 27% used [0x000000009e000000,0x000000009e5cb5a8,0x000000009f4c0000)
GC Heap History (10 events):
Event: 5.212 GC heap before
{Heap before GC invocations=10 (full 1):
 PSYoungGen      total 198272K, used 178496K [0x00000000e10b0000, 0x00000000f0a30000, 0x0000000100000000)
  eden space 178496K, 100% used [0x00000000e10b0000,0x00000000ebf00000,0x00000000ebf00000)
  from space 19776K, 0% used [0x00000000ede80000,0x00000000ede80000,0x00000000ef1d0000)
  to   space 32256K, 0% used [0x00000000ebf00000,0x00000000ebf00000,0x00000000ede80000)
 ParOldGen       total 94400K, used 39241K [0x00000000a3200000, 0x00000000a8e30000, 0x00000000e10b0000)
  object space 94400K, 41% used [0x00000000a3200000,0x00000000a5852690,0x00000000a8e30000)
 PSPermGen       total 21248K, used 4665K [0x000000009e000000, 0x000000009f4c0000, 0x00000000a3200000)
  object space 21248K, 21% used [0x000000009e000000,0x000000009e48e420,0x000000009f4c0000)
Event: 5.228 GC heap after
Heap after GC invocations=10 (full 1):
 PSYoungGen      total 210752K, used 32006K [0x00000000e10b0000, 0x00000000f49c0000, 0x0000000100000000)
  eden space 178496K, 0% used [0x00000000e10b0000,0x00000000e10b0000,0x00000000ebf00000)
  from space 32256K, 99% used [0x00000000ebf00000,0x00000000ede41898,0x00000000ede80000)
  to   space 38336K, 0% used [0x00000000f2450000,0x00000000f2450000,0x00000000f49c0000)
 ParOldGen       total 94400K, used 45601K [0x00000000a3200000, 0x00000000a8e30000, 0x00000000e10b0000)
  object space 94400K, 48% used [0x00000000a3200000,0x00000000a5e88710,0x00000000a8e30000)
 PSPermGen       total 21248K, used 4665K [0x000000009e000000, 0x000000009f4c0000, 0x00000000a3200000)
  object space 21248K, 21% used [0x000000009e000000,0x000000009e48e420,0x000000009f4c0000)
}
Event: 6.216 GC heap before
{Heap before GC invocations=11 (full 1):
 PSYoungGen      total 210752K, used 210502K [0x00000000e10b0000, 0x00000000f49c0000, 0x0000000100000000)
  eden space 178496K, 100% used [0x00000000e10b0000,0x00000000ebf00000,0x00000000ebf00000)
  from space 32256K, 99% used [0x00000000ebf00000,0x00000000ede41898,0x00000000ede80000)
  to   space 38336K, 0% used [0x00000000f2450000,0x00000000f2450000,0x00000000f49c0000)
 ParOldGen       total 94400K, used 45601K [0x00000000a3200000, 0x00000000a8e30000, 0x00000000e10b0000)
  object space 94400K, 48% used [0x00000000a3200000,0x00000000a5e88710,0x00000000a8e30000)
 PSPermGen       total 21248K, used 4665K [0x000000009e000000, 0x000000009f4c0000, 0x00000000a3200000)
  object space 21248K, 21% used [0x000000009e000000,0x000000009e48e420,0x000000009f4c0000)
Event: 6.226 GC heap after
Heap after GC invocations=11 (full 1):
 PSYoungGen      total 279552K, used 23401K [0x00000000e10b0000, 0x00000000f4990000, 0x0000000100000000)
  eden space 241408K, 0% used [0x00000000e10b0000,0x00000000e10b0000,0x00000000efc70000)
  from space 38144K, 61% used [0x00000000f2450000,0x00000000f3b2a6c0,0x00000000f4990000)
  to   space 39488K, 0% used [0x00000000efc70000,0x00000000efc70000,0x00000000f2300000)
 ParOldGen       total 94400K, used 45601K [0x00000000a3200000, 0x00000000a8e30000, 0x00000000e10b0000)
  object space 94400K, 48% used [0x00000000a3200000,0x00000000a5e88710,0x00000000a8e30000)
 PSPermGen       total 21248K, used 4665K [0x000000009e000000, 0x000000009f4c0000, 0x00000000a3200000)
  object space 21248K, 21% used [0x000000009e000000,0x000000009e48e420,0x000000009f4c0000)
}
Event: 7.909 GC heap before
{Heap before GC invocations=12 (full 1):
 PSYoungGen      total 279552K, used 264809K [0x00000000e10b0000, 0x00000000f4990000, 0x0000000100000000)
  eden space 241408K, 100% used [0x00000000e10b0000,0x00000000efc70000,0x00000000efc70000)
  from space 38144K, 61% used [0x00000000f2450000,0x00000000f3b2a6c0,0x00000000f4990000)
  to   space 39488K, 0% used [0x00000000efc70000,0x00000000efc70000,0x00000000f2300000)
 ParOldGen       total 94400K, used 45601K [0x00000000a3200000, 0x00000000a8e30000, 0x00000000e10b0000)
  object space 94400K, 48% used [0x00000000a3200000,0x00000000a5e88710,0x00000000a8e30000)
 PSPermGen       total 21248K, used 4665K [0x000000009e000000, 0x000000009f4c0000, 0x00000000a3200000)
  object space 21248K, 21% used [0x000000009e000000,0x000000009e48e750,0x000000009f4c0000)
Event: 7.927 GC heap after
Heap after GC invocations=12 (full 1):
 PSYoungGen      total 280896K, used 39293K [0x00000000e10b0000, 0x00000000fa700000, 0x0000000100000000)
  eden space 241408K, 0% used [0x00000000e10b0000,0x00000000e10b0000,0x00000000efc70000)
  from space 39488K, 99% used [0x00000000efc70000,0x00000000f22cf5d8,0x00000000f2300000)
  to   space 46144K, 0% used [0x00000000f79f0000,0x00000000f79f0000,0x00000000fa700000)
 ParOldGen       total 94400K, used 46852K [0x00000000a3200000, 0x00000000a8e30000, 0x00000000e10b0000)
  object space 94400K, 49% used [0x00000000a3200000,0x00000000a5fc1318,0x00000000a8e30000)
 PSPermGen       total 21248K, used 4665K [0x000000009e000000, 0x000000009f4c0000, 0x00000000a3200000)
  object space 21248K, 21% used [0x000000009e000000,0x000000009e48e750,0x000000009f4c0000)
}
Event: 9.593 GC heap before
{Heap before GC invocations=13 (full 1):
 PSYoungGen      total 280896K, used 280701K [0x00000000e10b0000, 0x00000000fa700000, 0x0000000100000000)
  eden space 241408K, 100% used [0x00000000e10b0000,0x00000000efc70000,0x00000000efc70000)
  from space 39488K, 99% used [0x00000000efc70000,0x00000000f22cf5d8,0x00000000f2300000)
  to   space 46144K, 0% used [0x00000000f79f0000,0x00000000f79f0000,0x00000000fa700000)
 ParOldGen       total 94400K, used 46852K [0x00000000a3200000, 0x00000000a8e30000, 0x00000000e10b0000)
  object space 94400K, 49% used [0x00000000a3200000,0x00000000a5fc1318,0x00000000a8e30000)
 PSPermGen       total 21248K, used 4665K [0x000000009e000000, 0x000000009f4c0000, 0x00000000a3200000)
  object space 21248K, 21% used [0x000000009e000000,0x000000009e48e750,0x000000009f4c0000)
Event: 9.611 GC heap after
Heap after GC invocations=13 (full 1):
 PSYoungGen      total 364800K, used 38849K [0x00000000e10b0000, 0x00000000faed0000, 0x0000000100000000)
  eden space 318656K, 0% used [0x00000000e10b0000,0x00000000e10b0000,0x00000000f47e0000)
  from space 46144K, 84% used [0x00000000f79f0000,0x00000000f9fe0698,0x00000000fa700000)
  to   space 51264K, 0% used [0x00000000f47e0000,0x00000000f47e0000,0x00000000f79f0000)
 ParOldGen       total 94400K, used 48404K [0x00000000a3200000, 0x00000000a8e30000, 0x00000000e10b0000)
  object space 94400K, 51% used [0x00000000a3200000,0x00000000a6145318,0x00000000a8e30000)
 PSPermGen       total 21248K, used 4665K [0x000000009e000000, 0x000000009f4c0000, 0x00000000a3200000)
  object space 21248K, 21% used [0x000000009e000000,0x000000009e48e750,0x000000009f4c0000)
}
Event: 12.147 GC heap before
{Heap before GC invocations=14 (full 1):
 PSYoungGen      total 364800K, used 357505K [0x00000000e10b0000, 0x00000000faed0000, 0x0000000100000000)
  eden space 318656K, 100% used [0x00000000e10b0000,0x00000000f47e0000,0x00000000f47e0000)
  from space 46144K, 84% used [0x00000000f79f0000,0x00000000f9fe0698,0x00000000fa700000)
  to   space 51264K, 0% used [0x00000000f47e0000,0x00000000f47e0000,0x00000000f79f0000)
 ParOldGen       total 94400K, used 48404K [0x00000000a3200000, 0x00000000a8e30000, 0x00000000e10b0000)
  object space 94400K, 51% used [0x00000000a3200000,0x00000000a6145318,0x00000000a8e30000)
 PSPermGen       total 21248K, used 4667K [0x000000009e000000, 0x000000009f4c0000, 0x00000000a3200000)
  object space 21248K, 21% used [0x000000009e000000,0x000000009e48ed88,0x000000009f4c0000)
Event: 12.162 GC heap after
Heap after GC invocations=14 (full 1):
 PSYoungGen      total 369920K, used 34484K [0x00000000e10b0000, 0x0000000100000000, 0x0000000100000000)
  eden space 318656K, 0% used [0x00000000e10b0000,0x00000000e10b0000,0x00000000f47e0000)
  from space 51264K, 67% used [0x00000000f47e0000,0x00000000f698d000,0x00000000f79f0000)
  to   space 53760K, 0% used [0x00000000fcb80000,0x00000000fcb80000,0x0000000100000000)
 ParOldGen       total 94400K, used 49516K [0x00000000a3200000, 0x00000000a8e30000, 0x00000000e10b0000)
  object space 94400K, 52% used [0x00000000a3200000,0x00000000a625b318,0x00000000a8e30000)
 PSPermGen       total 21248K, used 4667K [0x000000009e000000, 0x000000009f4c0000, 0x00000000a3200000)
  object space 21248K, 21% used [0x000000009e000000,0x000000009e48ed88,0x000000009f4c0000)
}

