# JRE version: 7.0_21-b11
# Java VM: Java HotSpot(TM) 64-Bit Server VM (23.21-b01 mixed mode windows-amd64 compressed oops)
Heap
 PSYoungGen      total 400576K, used 61072K [0x00000000e10b0000, 0x0000000100000000, 0x0000000100000000)
  eden space 357248K, 9% used [0x00000000e10b0000,0x00000000e329f200,0x00000000f6d90000)
  from space 43328K, 60% used [0x00000000f6d90000,0x00000000f8745148,0x00000000f97e0000)
  to   space 43648K, 0% used [0x00000000fd560000,0x00000000fd560000,0x0000000100000000)
 ParOldGen       total 91136K, used 49544K [0x00000000a3200000, 0x00000000a8b00000, 0x00000000e10b0000)
  object space 91136K, 54% used [0x00000000a3200000,0x00000000a6262370,0x00000000a8b00000)
 PSPermGen       total 21248K, used 5934K [0x000000009e000000, 0x000000009f4c0000, 0x00000000a3200000)
  object space 21248K, 27% used [0x000000009e000000,0x000000009e5cbac0,0x000000009f4c0000)
GC Heap History (10 events):
Event: 5.745 GC heap before
{Heap before GC invocations=10 (full 1):
 PSYoungGen      total 202112K, used 180032K [0x00000000e10b0000, 0x00000000f0bb0000, 0x0000000100000000)
  eden space 180032K, 100% used [0x00000000e10b0000,0x00000000ec080000,0x00000000ec080000)
  from space 22080K, 0% used [0x00000000ee0c0000,0x00000000ee0c0000,0x00000000ef650000)
  to   space 33024K, 0% used [0x00000000ec080000,0x00000000ec080000,0x00000000ee0c0000)
 ParOldGen       total 91136K, used 39270K [0x00000000a3200000, 0x00000000a8b00000, 0x00000000e10b0000)
  object space 91136K, 43% used [0x00000000a3200000,0x00000000a58599e8,0x00000000a8b00000)
 PSPermGen       total 21248K, used 4667K [0x000000009e000000, 0x000000009f4c0000, 0x00000000a3200000)
  object space 21248K, 21% used [0x000000009e000000,0x000000009e48ee48,0x000000009f4c0000)
Event: 5.775 GC heap after
Heap after GC invocations=10 (full 1):
 PSYoungGen      total 213056K, used 32038K [0x00000000e10b0000, 0x00000000f55f0000, 0x0000000100000000)
  eden space 180032K, 0% used [0x00000000e10b0000,0x00000000e10b0000,0x00000000ec080000)
  from space 33024K, 97% used [0x00000000ec080000,0x00000000edfc9898,0x00000000ee0c0000)
  to   space 38400K, 0% used [0x00000000f3070000,0x00000000f3070000,0x00000000f55f0000)
 ParOldGen       total 91136K, used 45630K [0x00000000a3200000, 0x00000000a8b00000, 0x00000000e10b0000)
  object space 91136K, 50% used [0x00000000a3200000,0x00000000a5e8fa68,0x00000000a8b00000)
 PSPermGen       total 21248K, used 4667K [0x000000009e000000, 0x000000009f4c0000, 0x00000000a3200000)
  object space 21248K, 21% used [0x000000009e000000,0x000000009e48ee48,0x000000009f4c0000)
}
Event: 6.750 GC heap before
{Heap before GC invocations=11 (full 1):
 PSYoungGen      total 213056K, used 212070K [0x00000000e10b0000, 0x00000000f55f0000, 0x0000000100000000)
  eden space 180032K, 100% used [0x00000000e10b0000,0x00000000ec080000,0x00000000ec080000)
  from space 33024K, 97% used [0x00000000ec080000,0x00000000edfc9898,0x00000000ee0c0000)
  to   space 38400K, 0% used [0x00000000f3070000,0x00000000f3070000,0x00000000f55f0000)
 ParOldGen       total 91136K, used 45630K [0x00000000a3200000, 0x00000000a8b00000, 0x00000000e10b0000)
  object space 91136K, 50% used [0x00000000a3200000,0x00000000a5e8fa68,0x00000000a8b00000)
 PSPermGen       total 21248K, used 4667K [0x000000009e000000, 0x000000009f4c0000, 0x00000000a3200000)
  object space 21248K, 21% used [0x000000009e000000,0x000000009e48ee48,0x000000009f4c0000)
Event: 6.769 GC heap after
Heap after GC invocations=11 (full 1):
 PSYoungGen      total 293440K, used 25016K [0x00000000e10b0000, 0x00000000f57a0000, 0x0000000100000000)
  eden space 255040K, 0% used [0x00000000e10b0000,0x00000000e10b0000,0x00000000f09c0000)
  from space 38400K, 65% used [0x00000000f3070000,0x00000000f48de078,0x00000000f55f0000)
  to   space 39616K, 0% used [0x00000000f09c0000,0x00000000f09c0000,0x00000000f3070000)
 ParOldGen       total 91136K, used 45630K [0x00000000a3200000, 0x00000000a8b00000, 0x00000000e10b0000)
  object space 91136K, 50% used [0x00000000a3200000,0x00000000a5e8fa68,0x00000000a8b00000)
 PSPermGen       total 21248K, used 4667K [0x000000009e000000, 0x000000009f4c0000, 0x00000000a3200000)
  object space 21248K, 21% used [0x000000009e000000,0x000000009e48ee48,0x000000009f4c0000)
}
Event: 8.668 GC heap before
{Heap before GC invocations=12 (full 1):
 PSYoungGen      total 293440K, used 280056K [0x00000000e10b0000, 0x00000000f57a0000, 0x0000000100000000)
  eden space 255040K, 100% used [0x00000000e10b0000,0x00000000f09c0000,0x00000000f09c0000)
  from space 38400K, 65% used [0x00000000f3070000,0x00000000f48de078,0x00000000f55f0000)
  to   space 39616K, 0% used [0x00000000f09c0000,0x00000000f09c0000,0x00000000f3070000)
 ParOldGen       total 91136K, used 45630K [0x00000000a3200000, 0x00000000a8b00000, 0x00000000e10b0000)
  object space 91136K, 50% used [0x00000000a3200000,0x00000000a5e8fa68,0x00000000a8b00000)
 PSPermGen       total 21248K, used 4668K [0x000000009e000000, 0x000000009f4c0000, 0x00000000a3200000)
  object space 21248K, 21% used [0x000000009e000000,0x000000009e48f178,0x000000009f4c0000)
Event: 8.702 GC heap after
Heap after GC invocations=12 (full 1):
 PSYoungGen      total 294656K, used 27133K [0x00000000e10b0000, 0x00000000fc130000, 0x0000000100000000)
  eden space 255040K, 0% used [0x00000000e10b0000,0x00000000e10b0000,0x00000000f09c0000)
  from space 39616K, 68% used [0x00000000f09c0000,0x00000000f243f690,0x00000000f3070000)
  to   space 41280K, 0% used [0x00000000f98e0000,0x00000000f98e0000,0x00000000fc130000)
 ParOldGen       total 91136K, used 46880K [0x00000000a3200000, 0x00000000a8b00000, 0x00000000e10b0000)
  object space 91136K, 51% used [0x00000000a3200000,0x00000000a5fc8370,0x00000000a8b00000)
 PSPermGen       total 21248K, used 4668K [0x000000009e000000, 0x000000009f4c0000, 0x00000000a3200000)
  object space 21248K, 21% used [0x000000009e000000,0x000000009e48f178,0x000000009f4c0000)
}
Event: 10.543 GC heap before
{Heap before GC invocations=13 (full 1):
 PSYoungGen      total 294656K, used 282173K [0x00000000e10b0000, 0x00000000fc130000, 0x0000000100000000)
  eden space 255040K, 100% used [0x00000000e10b0000,0x00000000f09c0000,0x00000000f09c0000)
  from space 39616K, 68% used [0x00000000f09c0000,0x00000000f243f690,0x00000000f3070000)
  to   space 41280K, 0% used [0x00000000f98e0000,0x00000000f98e0000,0x00000000fc130000)
 ParOldGen       total 91136K, used 46880K [0x00000000a3200000, 0x00000000a8b00000, 0x00000000e10b0000)
  object space 91136K, 51% used [0x00000000a3200000,0x00000000a5fc8370,0x00000000a8b00000)
 PSPermGen       total 21248K, used 4668K [0x000000009e000000, 0x000000009f4c0000, 0x00000000a3200000)
  object space 21248K, 21% used [0x000000009e000000,0x000000009e48f178,0x000000009f4c0000)
Event: 10.568 GC heap after
Heap after GC invocations=13 (full 1):
 PSYoungGen      total 398528K, used 29373K [0x00000000e10b0000, 0x00000000fc230000, 0x0000000100000000)
  eden space 357248K, 0% used [0x00000000e10b0000,0x00000000e10b0000,0x00000000f6d90000)
  from space 41280K, 71% used [0x00000000f98e0000,0x00000000fb58f658,0x00000000fc130000)
  to   space 43328K, 0% used [0x00000000f6d90000,0x00000000f6d90000,0x00000000f97e0000)
 ParOldGen       total 91136K, used 48432K [0x00000000a3200000, 0x00000000a8b00000, 0x00000000e10b0000)
  object space 91136K, 53% used [0x00000000a3200000,0x00000000a614c370,0x00000000a8b00000)
 PSPermGen       total 21248K, used 4668K [0x000000009e000000, 0x000000009f4c0000, 0x00000000a3200000)
  object space 21248K, 21% used [0x000000009e000000,0x000000009e48f178,0x000000009f4c0000)
}
Event: 14.054 GC heap before
{Heap before GC invocations=14 (full 1):
 PSYoungGen      total 398528K, used 386621K [0x00000000e10b0000, 0x00000000fc230000, 0x0000000100000000)
  eden space 357248K, 100% used [0x00000000e10b0000,0x00000000f6d90000,0x00000000f6d90000)
  from space 41280K, 71% used [0x00000000f98e0000,0x00000000fb58f658,0x00000000fc130000)
  to   space 43328K, 0% used [0x00000000f6d90000,0x00000000f6d90000,0x00000000f97e0000)
 ParOldGen       total 91136K, used 48432K [0x00000000a3200000, 0x00000000a8b00000, 0x00000000e10b0000)
  object space 91136K, 53% used [0x00000000a3200000,0x00000000a614c370,0x00000000a8b00000)
 PSPermGen       total 21248K, used 4669K [0x000000009e000000, 0x000000009f4c0000, 0x00000000a3200000)
  object space 21248K, 21% used [0x000000009e000000,0x000000009e48f7b0,0x000000009f4c0000)
Event: 14.324 GC heap after
Heap after GC invocations=14 (full 1):
 PSYoungGen      total 400576K, used 26324K [0x00000000e10b0000, 0x0000000100000000, 0x0000000100000000)
  eden space 357248K, 0% used [0x00000000e10b0000,0x00000000e10b0000,0x00000000f6d90000)
  from space 43328K, 60% used [0x00000000f6d90000,0x00000000f8745148,0x00000000f97e0000)
  to   space 43648K, 0% used [0x00000000fd560000,0x00000000fd560000,0x0000000100000000)
 ParOldGen       total 91136K, used 49544K [0x00000000a3200000, 0x00000000a8b00000, 0x00000000e10b0000)
  object space 91136K, 54% used [0x00000000a3200000,0x00000000a6262370,0x00000000a8b00000)
 PSPermGen       total 21248K, used 4669K [0x000000009e000000, 0x000000009f4c0000, 0x00000000a3200000)
  object space 21248K, 21% used [0x000000009e000000,0x000000009e48f7b0,0x000000009f4c0000)
}

