# JRE version: 7.0_21-b11
# Java VM: Java HotSpot(TM) 64-Bit Server VM (23.21-b01 mixed mode windows-amd64 compressed oops)
Heap
 PSYoungGen      total 400832K, used 362280K [0x00000000e10b0000, 0x00000000fc310000, 0x0000000100000000)
  eden space 374528K, 95% used [0x00000000e10b0000,0x00000000f6c72ee8,0x00000000f7e70000)
  from space 26304K, 23% used [0x00000000fa960000,0x00000000faf67490,0x00000000fc310000)
  to   space 35136K, 0% used [0x00000000f7e70000,0x00000000f7e70000,0x00000000fa0c0000)
 ParOldGen       total 91328K, used 54772K [0x00000000a3200000, 0x00000000a8b30000, 0x00000000e10b0000)
  object space 91328K, 59% used [0x00000000a3200000,0x00000000a677d1e8,0x00000000a8b30000)
 PSPermGen       total 21248K, used 5932K [0x000000009e000000, 0x000000009f4c0000, 0x00000000a3200000)
  object space 21248K, 27% used [0x000000009e000000,0x000000009e5cb270,0x000000009f4c0000)
GC Heap History (10 events):
Event: 3.823 GC heap before
{Heap before GC invocations=9 (full 1):
 PSYoungGen      total 209344K, used 21611K [0x00000000e10b0000, 0x00000000efdd0000, 0x0000000100000000)
  eden space 187200K, 0% used [0x00000000e10b0000,0x00000000e10b0000,0x00000000ec780000)
  from space 22144K, 97% used [0x00000000ee0d0000,0x00000000ef5eafb8,0x00000000ef670000)
  to   space 25920K, 0% used [0x00000000ec780000,0x00000000ec780000,0x00000000ee0d0000)
 ParOldGen       total 63424K, used 52969K [0x00000000a3200000, 0x00000000a6ff0000, 0x00000000e10b0000)
  object space 63424K, 83% used [0x00000000a3200000,0x00000000a65ba7f8,0x00000000a6ff0000)
 PSPermGen       total 21248K, used 4666K [0x000000009e000000, 0x000000009f4c0000, 0x00000000a3200000)
  object space 21248K, 21% used [0x000000009e000000,0x000000009e48e830,0x000000009f4c0000)
Event: 3.861 GC heap after
Heap after GC invocations=9 (full 1):
 PSYoungGen      total 209344K, used 0K [0x00000000e10b0000, 0x00000000efdd0000, 0x0000000100000000)
  eden space 187200K, 0% used [0x00000000e10b0000,0x00000000e10b0000,0x00000000ec780000)
  from space 22144K, 0% used [0x00000000ee0d0000,0x00000000ee0d0000,0x00000000ef670000)
  to   space 25920K, 0% used [0x00000000ec780000,0x00000000ec780000,0x00000000ee0d0000)
 ParOldGen       total 91328K, used 39241K [0x00000000a3200000, 0x00000000a8b30000, 0x00000000e10b0000)
  object space 91328K, 42% used [0x00000000a3200000,0x00000000a58524e0,0x00000000a8b30000)
 PSPermGen       total 21248K, used 4664K [0x000000009e000000, 0x000000009f4c0000, 0x00000000a3200000)
  object space 21248K, 21% used [0x000000009e000000,0x000000009e48e028,0x000000009f4c0000)
}
Event: 5.431 GC heap before
{Heap before GC invocations=10 (full 1):
 PSYoungGen      total 209344K, used 187200K [0x00000000e10b0000, 0x00000000efdd0000, 0x0000000100000000)
  eden space 187200K, 100% used [0x00000000e10b0000,0x00000000ec780000,0x00000000ec780000)
  from space 22144K, 0% used [0x00000000ee0d0000,0x00000000ee0d0000,0x00000000ef670000)
  to   space 25920K, 0% used [0x00000000ec780000,0x00000000ec780000,0x00000000ee0d0000)
 ParOldGen       total 91328K, used 39241K [0x00000000a3200000, 0x00000000a8b30000, 0x00000000e10b0000)
  object space 91328K, 42% used [0x00000000a3200000,0x00000000a58524e0,0x00000000a8b30000)
 PSPermGen       total 21248K, used 4664K [0x000000009e000000, 0x000000009f4c0000, 0x00000000a3200000)
  object space 21248K, 21% used [0x000000009e000000,0x000000009e48e3f8,0x000000009f4c0000)
Event: 5.459 GC heap after
Heap after GC invocations=10 (full 1):
 PSYoungGen      total 213120K, used 25710K [0x00000000e10b0000, 0x00000000f50a0000, 0x0000000100000000)
  eden space 187200K, 0% used [0x00000000e10b0000,0x00000000e10b0000,0x00000000ec780000)
  from space 25920K, 99% used [0x00000000ec780000,0x00000000ee09b818,0x00000000ee0d0000)
  to   space 30272K, 0% used [0x00000000f3310000,0x00000000f3310000,0x00000000f50a0000)
 ParOldGen       total 91328K, used 51961K [0x00000000a3200000, 0x00000000a8b30000, 0x00000000e10b0000)
  object space 91328K, 56% used [0x00000000a3200000,0x00000000a64be5e0,0x00000000a8b30000)
 PSPermGen       total 21248K, used 4664K [0x000000009e000000, 0x000000009f4c0000, 0x00000000a3200000)
  object space 21248K, 21% used [0x000000009e000000,0x000000009e48e3f8,0x000000009f4c0000)
}
Event: 6.513 GC heap before
{Heap before GC invocations=11 (full 1):
 PSYoungGen      total 213120K, used 212910K [0x00000000e10b0000, 0x00000000f50a0000, 0x0000000100000000)
  eden space 187200K, 100% used [0x00000000e10b0000,0x00000000ec780000,0x00000000ec780000)
  from space 25920K, 99% used [0x00000000ec780000,0x00000000ee09b818,0x00000000ee0d0000)
  to   space 30272K, 0% used [0x00000000f3310000,0x00000000f3310000,0x00000000f50a0000)
 ParOldGen       total 91328K, used 51961K [0x00000000a3200000, 0x00000000a8b30000, 0x00000000e10b0000)
  object space 91328K, 56% used [0x00000000a3200000,0x00000000a64be5e0,0x00000000a8b30000)
 PSPermGen       total 21248K, used 4664K [0x000000009e000000, 0x000000009f4c0000, 0x00000000a3200000)
  object space 21248K, 21% used [0x000000009e000000,0x000000009e48e3f8,0x000000009f4c0000)
Event: 6.556 GC heap after
Heap after GC invocations=11 (full 1):
 PSYoungGen      total 296192K, used 20349K [0x00000000e10b0000, 0x00000000f5600000, 0x0000000100000000)
  eden space 265920K, 0% used [0x00000000e10b0000,0x00000000e10b0000,0x00000000f1460000)
  from space 30272K, 67% used [0x00000000f3310000,0x00000000f46ef680,0x00000000f50a0000)
  to   space 31424K, 0% used [0x00000000f1460000,0x00000000f1460000,0x00000000f3310000)
 ParOldGen       total 91328K, used 51961K [0x00000000a3200000, 0x00000000a8b30000, 0x00000000e10b0000)
  object space 91328K, 56% used [0x00000000a3200000,0x00000000a64be5e0,0x00000000a8b30000)
 PSPermGen       total 21248K, used 4664K [0x000000009e000000, 0x000000009f4c0000, 0x00000000a3200000)
  object space 21248K, 21% used [0x000000009e000000,0x000000009e48e3f8,0x000000009f4c0000)
}
Event: 8.536 GC heap before
{Heap before GC invocations=12 (full 1):
 PSYoungGen      total 296192K, used 286269K [0x00000000e10b0000, 0x00000000f5600000, 0x0000000100000000)
  eden space 265920K, 100% used [0x00000000e10b0000,0x00000000f1460000,0x00000000f1460000)
  from space 30272K, 67% used [0x00000000f3310000,0x00000000f46ef680,0x00000000f50a0000)
  to   space 31424K, 0% used [0x00000000f1460000,0x00000000f1460000,0x00000000f3310000)
 ParOldGen       total 91328K, used 51961K [0x00000000a3200000, 0x00000000a8b30000, 0x00000000e10b0000)
  object space 91328K, 56% used [0x00000000a3200000,0x00000000a64be5e0,0x00000000a8b30000)
 PSPermGen       total 21248K, used 4665K [0x000000009e000000, 0x000000009f4c0000, 0x00000000a3200000)
  object space 21248K, 21% used [0x000000009e000000,0x000000009e48e728,0x000000009f4c0000)
Event: 8.584 GC heap after
Heap after GC invocations=12 (full 1):
 PSYoungGen      total 297344K, used 29873K [0x00000000e10b0000, 0x00000000fcc40000, 0x0000000100000000)
  eden space 265920K, 0% used [0x00000000e10b0000,0x00000000e10b0000,0x00000000f1460000)
  from space 31424K, 95% used [0x00000000f1460000,0x00000000f318c730,0x00000000f3310000)
  to   space 35712K, 0% used [0x00000000fa960000,0x00000000fa960000,0x00000000fcc40000)
 ParOldGen       total 91328K, used 53212K [0x00000000a3200000, 0x00000000a8b30000, 0x00000000e10b0000)
  object space 91328K, 58% used [0x00000000a3200000,0x00000000a65f71e8,0x00000000a8b30000)
 PSPermGen       total 21248K, used 4665K [0x000000009e000000, 0x000000009f4c0000, 0x00000000a3200000)
  object space 21248K, 21% used [0x000000009e000000,0x000000009e48e728,0x000000009f4c0000)
}
Event: 10.396 GC heap before
{Heap before GC invocations=13 (full 1):
 PSYoungGen      total 297344K, used 294689K [0x00000000e10b0000, 0x00000000fcc40000, 0x0000000100000000)
  eden space 265920K, 99% used [0x00000000e10b0000,0x00000000f134be10,0x00000000f1460000)
  from space 31424K, 95% used [0x00000000f1460000,0x00000000f318c730,0x00000000f3310000)
  to   space 35712K, 0% used [0x00000000fa960000,0x00000000fa960000,0x00000000fcc40000)
 ParOldGen       total 91328K, used 53212K [0x00000000a3200000, 0x00000000a8b30000, 0x00000000e10b0000)
  object space 91328K, 58% used [0x00000000a3200000,0x00000000a65f71e8,0x00000000a8b30000)
 PSPermGen       total 21248K, used 4667K [0x000000009e000000, 0x000000009f4c0000, 0x00000000a3200000)
  object space 21248K, 21% used [0x000000009e000000,0x000000009e48ed60,0x000000009f4c0000)
Event: 10.402 GC heap after
Heap after GC invocations=13 (full 1):
 PSYoungGen      total 400832K, used 6173K [0x00000000e10b0000, 0x00000000fc310000, 0x0000000100000000)
  eden space 374528K, 0% used [0x00000000e10b0000,0x00000000e10b0000,0x00000000f7e70000)
  from space 26304K, 23% used [0x00000000fa960000,0x00000000faf67490,0x00000000fc310000)
  to   space 35136K, 0% used [0x00000000f7e70000,0x00000000f7e70000,0x00000000fa0c0000)
 ParOldGen       total 91328K, used 54772K [0x00000000a3200000, 0x00000000a8b30000, 0x00000000e10b0000)
  object space 91328K, 59% used [0x00000000a3200000,0x00000000a677d1e8,0x00000000a8b30000)
 PSPermGen       total 21248K, used 4667K [0x000000009e000000, 0x000000009f4c0000, 0x00000000a3200000)
  object space 21248K, 21% used [0x000000009e000000,0x000000009e48ed60,0x000000009f4c0000)
}

