# JRE version: 7.0_21-b11
# Java VM: Java HotSpot(TM) 64-Bit Server VM (23.21-b01 mixed mode windows-amd64 compressed oops)
Heap
 PSYoungGen      total 391040K, used 7334K [0x00000000e10b0000, 0x0000000100000000, 0x0000000100000000)
  eden space 355392K, 1% used [0x00000000e10b0000,0x00000000e16799e8,0x00000000f6bc0000)
  from space 35648K, 3% used [0x00000000f6bc0000,0x00000000f6d20000,0x00000000f8e90000)
  to   space 35328K, 0% used [0x00000000fdd80000,0x00000000fdd80000,0x0000000100000000)
 ParOldGen       total 90432K, used 56998K [0x00000000a3200000, 0x00000000a8a50000, 0x00000000e10b0000)
  object space 90432K, 63% used [0x00000000a3200000,0x00000000a69a9b20,0x00000000a8a50000)
 PSPermGen       total 21248K, used 5934K [0x000000009e000000, 0x000000009f4c0000, 0x00000000a3200000)
  object space 21248K, 27% used [0x000000009e000000,0x000000009e5cbac0,0x000000009f4c0000)
GC Heap History (10 events):
Event: 6.198 GC heap before
{Heap before GC invocations=10 (full 1):
 PSYoungGen      total 208576K, used 186624K [0x00000000e10b0000, 0x00000000efe90000, 0x0000000100000000)
  eden space 186624K, 100% used [0x00000000e10b0000,0x00000000ec6f0000,0x00000000ec6f0000)
  from space 21952K, 0% used [0x00000000ee0a0000,0x00000000ee0a0000,0x00000000ef610000)
  to   space 26304K, 0% used [0x00000000ec6f0000,0x00000000ec6f0000,0x00000000ee0a0000)
 ParOldGen       total 90432K, used 39270K [0x00000000a3200000, 0x00000000a8a50000, 0x00000000e10b0000)
  object space 90432K, 43% used [0x00000000a3200000,0x00000000a58599e8,0x00000000a8a50000)
 PSPermGen       total 21248K, used 4667K [0x000000009e000000, 0x000000009f4c0000, 0x00000000a3200000)
  object space 21248K, 21% used [0x000000009e000000,0x000000009e48ee48,0x000000009f4c0000)
Event: 6.214 GC heap after
Heap after GC invocations=10 (full 1):
 PSYoungGen      total 212928K, used 25646K [0x00000000e10b0000, 0x00000000f5180000, 0x0000000100000000)
  eden space 186624K, 0% used [0x00000000e10b0000,0x00000000e10b0000,0x00000000ec6f0000)
  from space 26304K, 97% used [0x00000000ec6f0000,0x00000000edffb818,0x00000000ee0a0000)
  to   space 30976K, 0% used [0x00000000f3340000,0x00000000f3340000,0x00000000f5180000)
 ParOldGen       total 90432K, used 51990K [0x00000000a3200000, 0x00000000a8a50000, 0x00000000e10b0000)
  object space 90432K, 57% used [0x00000000a3200000,0x00000000a64c5ae8,0x00000000a8a50000)
 PSPermGen       total 21248K, used 4667K [0x000000009e000000, 0x000000009f4c0000, 0x00000000a3200000)
  object space 21248K, 21% used [0x000000009e000000,0x000000009e48ee48,0x000000009f4c0000)
}
Event: 7.211 GC heap before
{Heap before GC invocations=11 (full 1):
 PSYoungGen      total 212928K, used 212270K [0x00000000e10b0000, 0x00000000f5180000, 0x0000000100000000)
  eden space 186624K, 100% used [0x00000000e10b0000,0x00000000ec6f0000,0x00000000ec6f0000)
  from space 26304K, 97% used [0x00000000ec6f0000,0x00000000edffb818,0x00000000ee0a0000)
  to   space 30976K, 0% used [0x00000000f3340000,0x00000000f3340000,0x00000000f5180000)
 ParOldGen       total 90432K, used 51990K [0x00000000a3200000, 0x00000000a8a50000, 0x00000000e10b0000)
  object space 90432K, 57% used [0x00000000a3200000,0x00000000a64c5ae8,0x00000000a8a50000)
 PSPermGen       total 21248K, used 4667K [0x000000009e000000, 0x000000009f4c0000, 0x00000000a3200000)
  object space 21248K, 21% used [0x000000009e000000,0x000000009e48ee48,0x000000009f4c0000)
Event: 7.220 GC heap after
Heap after GC invocations=11 (full 1):
 PSYoungGen      total 291776K, used 18727K [0x00000000e10b0000, 0x00000000f4f60000, 0x0000000100000000)
  eden space 262976K, 0% used [0x00000000e10b0000,0x00000000e10b0000,0x00000000f1180000)
  from space 28800K, 65% used [0x00000000f3340000,0x00000000f4589e60,0x00000000f4f60000)
  to   space 31680K, 0% used [0x00000000f1180000,0x00000000f1180000,0x00000000f3070000)
 ParOldGen       total 90432K, used 51990K [0x00000000a3200000, 0x00000000a8a50000, 0x00000000e10b0000)
  object space 90432K, 57% used [0x00000000a3200000,0x00000000a64c5ae8,0x00000000a8a50000)
 PSPermGen       total 21248K, used 4667K [0x000000009e000000, 0x000000009f4c0000, 0x00000000a3200000)
  object space 21248K, 21% used [0x000000009e000000,0x000000009e48ee48,0x000000009f4c0000)
}
Event: 9.166 GC heap before
{Heap before GC invocations=12 (full 1):
 PSYoungGen      total 291776K, used 281703K [0x00000000e10b0000, 0x00000000f4f60000, 0x0000000100000000)
  eden space 262976K, 100% used [0x00000000e10b0000,0x00000000f1180000,0x00000000f1180000)
  from space 28800K, 65% used [0x00000000f3340000,0x00000000f4589e60,0x00000000f4f60000)
  to   space 31680K, 0% used [0x00000000f1180000,0x00000000f1180000,0x00000000f3070000)
 ParOldGen       total 90432K, used 51990K [0x00000000a3200000, 0x00000000a8a50000, 0x00000000e10b0000)
  object space 90432K, 57% used [0x00000000a3200000,0x00000000a64c5ae8,0x00000000a8a50000)
 PSPermGen       total 21248K, used 4668K [0x000000009e000000, 0x000000009f4c0000, 0x00000000a3200000)
  object space 21248K, 21% used [0x000000009e000000,0x000000009e48f178,0x000000009f4c0000)
Event: 9.179 GC heap after
Heap after GC invocations=12 (full 1):
 PSYoungGen      total 294656K, used 29809K [0x00000000e10b0000, 0x00000000fbbb0000, 0x0000000100000000)
  eden space 262976K, 0% used [0x00000000e10b0000,0x00000000e10b0000,0x00000000f1180000)
  from space 31680K, 94% used [0x00000000f1180000,0x00000000f2e9c730,0x00000000f3070000)
  to   space 36288K, 0% used [0x00000000f9840000,0x00000000f9840000,0x00000000fbbb0000)
 ParOldGen       total 90432K, used 53233K [0x00000000a3200000, 0x00000000a8a50000, 0x00000000e10b0000)
  object space 90432K, 58% used [0x00000000a3200000,0x00000000a65fc6f0,0x00000000a8a50000)
 PSPermGen       total 21248K, used 4668K [0x000000009e000000, 0x000000009f4c0000, 0x00000000a3200000)
  object space 21248K, 21% used [0x000000009e000000,0x000000009e48f178,0x000000009f4c0000)
}
Event: 11.149 GC heap before
{Heap before GC invocations=13 (full 1):
 PSYoungGen      total 294656K, used 292745K [0x00000000e10b0000, 0x00000000fbbb0000, 0x0000000100000000)
  eden space 262976K, 99% used [0x00000000e10b0000,0x00000000f1175ee8,0x00000000f1180000)
  from space 31680K, 94% used [0x00000000f1180000,0x00000000f2e9c730,0x00000000f3070000)
  to   space 36288K, 0% used [0x00000000f9840000,0x00000000f9840000,0x00000000fbbb0000)
 ParOldGen       total 90432K, used 53233K [0x00000000a3200000, 0x00000000a8a50000, 0x00000000e10b0000)
  object space 90432K, 58% used [0x00000000a3200000,0x00000000a65fc6f0,0x00000000a8a50000)
 PSPermGen       total 21248K, used 4669K [0x000000009e000000, 0x000000009f4c0000, 0x00000000a3200000)
  object space 21248K, 21% used [0x000000009e000000,0x000000009e48f7b0,0x000000009f4c0000)
Event: 11.152 GC heap after
Heap after GC invocations=13 (full 1):
 PSYoungGen      total 381120K, used 4551K [0x00000000e10b0000, 0x00000000fb160000, 0x0000000100000000)
  eden space 355392K, 0% used [0x00000000e10b0000,0x00000000e10b0000,0x00000000f6bc0000)
  from space 25728K, 17% used [0x00000000f9840000,0x00000000f9cb1c70,0x00000000fb160000)
  to   space 35648K, 0% used [0x00000000f6bc0000,0x00000000f6bc0000,0x00000000f8e90000)
 ParOldGen       total 90432K, used 54785K [0x00000000a3200000, 0x00000000a8a50000, 0x00000000e10b0000)
  object space 90432K, 60% used [0x00000000a3200000,0x00000000a67806f0,0x00000000a8a50000)
 PSPermGen       total 21248K, used 4669K [0x000000009e000000, 0x000000009f4c0000, 0x00000000a3200000)
  object space 21248K, 21% used [0x000000009e000000,0x000000009e48f7b0,0x000000009f4c0000)
}
Event: 14.033 GC heap before
{Heap before GC invocations=14 (full 1):
 PSYoungGen      total 381120K, used 359943K [0x00000000e10b0000, 0x00000000fb160000, 0x0000000100000000)
  eden space 355392K, 100% used [0x00000000e10b0000,0x00000000f6bc0000,0x00000000f6bc0000)
  from space 25728K, 17% used [0x00000000f9840000,0x00000000f9cb1c70,0x00000000fb160000)
  to   space 35648K, 0% used [0x00000000f6bc0000,0x00000000f6bc0000,0x00000000f8e90000)
 ParOldGen       total 90432K, used 54785K [0x00000000a3200000, 0x00000000a8a50000, 0x00000000e10b0000)
  object space 90432K, 60% used [0x00000000a3200000,0x00000000a67806f0,0x00000000a8a50000)
 PSPermGen       total 21248K, used 5256K [0x000000009e000000, 0x000000009f4c0000, 0x00000000a3200000)
  object space 21248K, 24% used [0x000000009e000000,0x000000009e522378,0x000000009f4c0000)
Event: 14.044 GC heap after
Heap after GC invocations=14 (full 1):
 PSYoungGen      total 391040K, used 1408K [0x00000000e10b0000, 0x0000000100000000, 0x0000000100000000)
  eden space 355392K, 0% used [0x00000000e10b0000,0x00000000e10b0000,0x00000000f6bc0000)
  from space 35648K, 3% used [0x00000000f6bc0000,0x00000000f6d20000,0x00000000f8e90000)
  to   space 35328K, 0% used [0x00000000fdd80000,0x00000000fdd80000,0x0000000100000000)
 ParOldGen       total 90432K, used 56998K [0x00000000a3200000, 0x00000000a8a50000, 0x00000000e10b0000)
  object space 90432K, 63% used [0x00000000a3200000,0x00000000a69a9b20,0x00000000a8a50000)
 PSPermGen       total 21248K, used 5256K [0x000000009e000000, 0x000000009f4c0000, 0x00000000a3200000)
  object space 21248K, 24% used [0x000000009e000000,0x000000009e522378,0x000000009f4c0000)
}

