# JRE version: 7.0_21-b11
# Java VM: Java HotSpot(TM) 64-Bit Server VM (23.21-b01 mixed mode windows-amd64 compressed oops)
Heap
 PSYoungGen      total 379648K, used 67799K [0x00000000e10b0000, 0x0000000100000000, 0x0000000100000000)
  eden space 338176K, 13% used [0x00000000e10b0000,0x00000000e3be5508,0x00000000f5af0000)
  from space 41472K, 56% used [0x00000000f5af0000,0x00000000f71f0800,0x00000000f8370000)
  to   space 41216K, 0% used [0x00000000fd7c0000,0x00000000fd7c0000,0x0000000100000000)
 ParOldGen       total 93056K, used 58326K [0x00000000a3200000, 0x00000000a8ce0000, 0x00000000e10b0000)
  object space 93056K, 62% used [0x00000000a3200000,0x00000000a6af5a40,0x00000000a8ce0000)
 PSPermGen       total 21248K, used 5934K [0x000000009e000000, 0x000000009f4c0000, 0x00000000a3200000)
  object space 21248K, 27% used [0x000000009e000000,0x000000009e5cba80,0x000000009f4c0000)
GC Heap History (10 events):
Event: 5.504 GC heap before
{Heap before GC invocations=10 (full 1):
 PSYoungGen      total 209792K, used 187392K [0x00000000e10b0000, 0x00000000efdf0000, 0x0000000100000000)
  eden space 187392K, 100% used [0x00000000e10b0000,0x00000000ec7b0000,0x00000000ec7b0000)
  from space 22400K, 0% used [0x00000000ee110000,0x00000000ee110000,0x00000000ef6f0000)
  to   space 25984K, 0% used [0x00000000ec7b0000,0x00000000ec7b0000,0x00000000ee110000)
 ParOldGen       total 93056K, used 39241K [0x00000000a3200000, 0x00000000a8ce0000, 0x00000000e10b0000)
  object space 93056K, 42% used [0x00000000a3200000,0x00000000a5852540,0x00000000a8ce0000)
 PSPermGen       total 21248K, used 4665K [0x000000009e000000, 0x000000009f4c0000, 0x00000000a3200000)
  object space 21248K, 21% used [0x000000009e000000,0x000000009e48e420,0x000000009f4c0000)
Event: 5.518 GC heap after
Heap after GC invocations=10 (full 1):
 PSYoungGen      total 213376K, used 25970K [0x00000000e10b0000, 0x00000000f5080000, 0x0000000100000000)
  eden space 187392K, 0% used [0x00000000e10b0000,0x00000000e10b0000,0x00000000ec7b0000)
  from space 25984K, 99% used [0x00000000ec7b0000,0x00000000ee10c920,0x00000000ee110000)
  to   space 35264K, 0% used [0x00000000f2e10000,0x00000000f2e10000,0x00000000f5080000)
 ParOldGen       total 93056K, used 51676K [0x00000000a3200000, 0x00000000a8ce0000, 0x00000000e10b0000)
  object space 93056K, 55% used [0x00000000a3200000,0x00000000a64770f8,0x00000000a8ce0000)
 PSPermGen       total 21248K, used 4665K [0x000000009e000000, 0x000000009f4c0000, 0x00000000a3200000)
  object space 21248K, 21% used [0x000000009e000000,0x000000009e48e420,0x000000009f4c0000)
}
Event: 6.527 GC heap before
{Heap before GC invocations=11 (full 1):
 PSYoungGen      total 213376K, used 213362K [0x00000000e10b0000, 0x00000000f5080000, 0x0000000100000000)
  eden space 187392K, 100% used [0x00000000e10b0000,0x00000000ec7b0000,0x00000000ec7b0000)
  from space 25984K, 99% used [0x00000000ec7b0000,0x00000000ee10c920,0x00000000ee110000)
  to   space 35264K, 0% used [0x00000000f2e10000,0x00000000f2e10000,0x00000000f5080000)
 ParOldGen       total 93056K, used 51676K [0x00000000a3200000, 0x00000000a8ce0000, 0x00000000e10b0000)
  object space 93056K, 55% used [0x00000000a3200000,0x00000000a64770f8,0x00000000a8ce0000)
 PSPermGen       total 21248K, used 4665K [0x000000009e000000, 0x000000009f4c0000, 0x00000000a3200000)
  object space 21248K, 21% used [0x000000009e000000,0x000000009e48e420,0x000000009f4c0000)
Event: 6.536 GC heap after
Heap after GC invocations=11 (full 1):
 PSYoungGen      total 286336K, used 20737K [0x00000000e10b0000, 0x00000000f4de0000, 0x0000000100000000)
  eden space 253760K, 0% used [0x00000000e10b0000,0x00000000e10b0000,0x00000000f0880000)
  from space 32576K, 63% used [0x00000000f2e10000,0x00000000f4250788,0x00000000f4de0000)
  to   space 35520K, 0% used [0x00000000f0880000,0x00000000f0880000,0x00000000f2b30000)
 ParOldGen       total 93056K, used 51676K [0x00000000a3200000, 0x00000000a8ce0000, 0x00000000e10b0000)
  object space 93056K, 55% used [0x00000000a3200000,0x00000000a64770f8,0x00000000a8ce0000)
 PSPermGen       total 21248K, used 4665K [0x000000009e000000, 0x000000009f4c0000, 0x00000000a3200000)
  object space 21248K, 21% used [0x000000009e000000,0x000000009e48e420,0x000000009f4c0000)
}
Event: 8.368 GC heap before
{Heap before GC invocations=12 (full 1):
 PSYoungGen      total 286336K, used 274497K [0x00000000e10b0000, 0x00000000f4de0000, 0x0000000100000000)
  eden space 253760K, 100% used [0x00000000e10b0000,0x00000000f0880000,0x00000000f0880000)
  from space 32576K, 63% used [0x00000000f2e10000,0x00000000f4250788,0x00000000f4de0000)
  to   space 35520K, 0% used [0x00000000f0880000,0x00000000f0880000,0x00000000f2b30000)
 ParOldGen       total 93056K, used 51676K [0x00000000a3200000, 0x00000000a8ce0000, 0x00000000e10b0000)
  object space 93056K, 55% used [0x00000000a3200000,0x00000000a64770f8,0x00000000a8ce0000)
 PSPermGen       total 21248K, used 4665K [0x000000009e000000, 0x000000009f4c0000, 0x00000000a3200000)
  object space 21248K, 21% used [0x000000009e000000,0x000000009e48e750,0x000000009f4c0000)
Event: 8.394 GC heap after
Heap after GC invocations=12 (full 1):
 PSYoungGen      total 289280K, used 30010K [0x00000000e10b0000, 0x00000000fabc0000, 0x0000000100000000)
  eden space 253760K, 0% used [0x00000000e10b0000,0x00000000e10b0000,0x00000000f0880000)
  from space 35520K, 84% used [0x00000000f0880000,0x00000000f25ce8d8,0x00000000f2b30000)
  to   space 38976K, 0% used [0x00000000f85b0000,0x00000000f85b0000,0x00000000fabc0000)
 ParOldGen       total 93056K, used 55458K [0x00000000a3200000, 0x00000000a8ce0000, 0x00000000e10b0000)
  object space 93056K, 59% used [0x00000000a3200000,0x00000000a6828a60,0x00000000a8ce0000)
 PSPermGen       total 21248K, used 4665K [0x000000009e000000, 0x000000009f4c0000, 0x00000000a3200000)
  object space 21248K, 21% used [0x000000009e000000,0x000000009e48e750,0x000000009f4c0000)
}
Event: 10.123 GC heap before
{Heap before GC invocations=13 (full 1):
 PSYoungGen      total 289280K, used 283770K [0x00000000e10b0000, 0x00000000fabc0000, 0x0000000100000000)
  eden space 253760K, 100% used [0x00000000e10b0000,0x00000000f0880000,0x00000000f0880000)
  from space 35520K, 84% used [0x00000000f0880000,0x00000000f25ce8d8,0x00000000f2b30000)
  to   space 38976K, 0% used [0x00000000f85b0000,0x00000000f85b0000,0x00000000fabc0000)
 ParOldGen       total 93056K, used 55458K [0x00000000a3200000, 0x00000000a8ce0000, 0x00000000e10b0000)
  object space 93056K, 59% used [0x00000000a3200000,0x00000000a6828a60,0x00000000a8ce0000)
 PSPermGen       total 21248K, used 4665K [0x000000009e000000, 0x000000009f4c0000, 0x00000000a3200000)
  object space 21248K, 21% used [0x000000009e000000,0x000000009e48e750,0x000000009f4c0000)
Event: 10.136 GC heap after
Heap after GC invocations=13 (full 1):
 PSYoungGen      total 377152K, used 29373K [0x00000000e10b0000, 0x00000000fabf0000, 0x0000000100000000)
  eden space 338176K, 0% used [0x00000000e10b0000,0x00000000e10b0000,0x00000000f5af0000)
  from space 38976K, 75% used [0x00000000f85b0000,0x00000000fa25f658,0x00000000fabc0000)
  to   space 41472K, 0% used [0x00000000f5af0000,0x00000000f5af0000,0x00000000f8370000)
 ParOldGen       total 93056K, used 57214K [0x00000000a3200000, 0x00000000a8ce0000, 0x00000000e10b0000)
  object space 93056K, 61% used [0x00000000a3200000,0x00000000a69dfa40,0x00000000a8ce0000)
 PSPermGen       total 21248K, used 4665K [0x000000009e000000, 0x000000009f4c0000, 0x00000000a3200000)
  object space 21248K, 21% used [0x000000009e000000,0x000000009e48e750,0x000000009f4c0000)
}
Event: 12.692 GC heap before
{Heap before GC invocations=14 (full 1):
 PSYoungGen      total 377152K, used 367549K [0x00000000e10b0000, 0x00000000fabf0000, 0x0000000100000000)
  eden space 338176K, 100% used [0x00000000e10b0000,0x00000000f5af0000,0x00000000f5af0000)
  from space 38976K, 75% used [0x00000000f85b0000,0x00000000fa25f658,0x00000000fabc0000)
  to   space 41472K, 0% used [0x00000000f5af0000,0x00000000f5af0000,0x00000000f8370000)
 ParOldGen       total 93056K, used 57214K [0x00000000a3200000, 0x00000000a8ce0000, 0x00000000e10b0000)
  object space 93056K, 61% used [0x00000000a3200000,0x00000000a69dfa40,0x00000000a8ce0000)
 PSPermGen       total 21248K, used 4667K [0x000000009e000000, 0x000000009f4c0000, 0x00000000a3200000)
  object space 21248K, 21% used [0x000000009e000000,0x000000009e48ed88,0x000000009f4c0000)
Event: 12.703 GC heap after
Heap after GC invocations=14 (full 1):
 PSYoungGen      total 379648K, used 23554K [0x00000000e10b0000, 0x0000000100000000, 0x0000000100000000)
  eden space 338176K, 0% used [0x00000000e10b0000,0x00000000e10b0000,0x00000000f5af0000)
  from space 41472K, 56% used [0x00000000f5af0000,0x00000000f71f0800,0x00000000f8370000)
  to   space 41216K, 0% used [0x00000000fd7c0000,0x00000000fd7c0000,0x0000000100000000)
 ParOldGen       total 93056K, used 58326K [0x00000000a3200000, 0x00000000a8ce0000, 0x00000000e10b0000)
  object space 93056K, 62% used [0x00000000a3200000,0x00000000a6af5a40,0x00000000a8ce0000)
 PSPermGen       total 21248K, used 4667K [0x000000009e000000, 0x000000009f4c0000, 0x00000000a3200000)
  object space 21248K, 21% used [0x000000009e000000,0x000000009e48ed88,0x000000009f4c0000)
}

