# JRE version: 7.0_21-b11
# Java VM: Java HotSpot(TM) 64-Bit Server VM (23.21-b01 mixed mode windows-amd64 compressed oops)
Heap
 PSYoungGen      total 401920K, used 61620K [0x00000000e10b0000, 0x0000000100000000, 0x0000000100000000)
  eden space 357376K, 9% used [0x00000000e10b0000,0x00000000e3318208,0x00000000f6db0000)
  from space 44544K, 59% used [0x00000000f6db0000,0x00000000f8775148,0x00000000f9930000)
  to   space 44800K, 0% used [0x00000000fd440000,0x00000000fd440000,0x0000000100000000)
 ParOldGen       total 90176K, used 47933K [0x00000000a3200000, 0x00000000a8a10000, 0x00000000e10b0000)
  object space 90176K, 53% used [0x00000000a3200000,0x00000000a60cf698,0x00000000a8a10000)
 PSPermGen       total 21248K, used 5932K [0x000000009e000000, 0x000000009f4c0000, 0x00000000a3200000)
  object space 21248K, 27% used [0x000000009e000000,0x000000009e5cb3d0,0x000000009f4c0000)
GC Heap History (10 events):
Event: 5.548 GC heap before
{Heap before GC invocations=10 (full 1):
 PSYoungGen      total 202880K, used 179648K [0x00000000e10b0000, 0x00000000f0eb0000, 0x0000000100000000)
  eden space 179648K, 100% used [0x00000000e10b0000,0x00000000ec020000,0x00000000ec020000)
  from space 23232K, 0% used [0x00000000ee1e0000,0x00000000ee1e0000,0x00000000ef890000)
  to   space 34560K, 0% used [0x00000000ec020000,0x00000000ec020000,0x00000000ee1e0000)
 ParOldGen       total 90176K, used 39256K [0x00000000a3200000, 0x00000000a8a10000, 0x00000000e10b0000)
  object space 90176K, 43% used [0x00000000a3200000,0x00000000a5856230,0x00000000a8a10000)
 PSPermGen       total 21248K, used 4665K [0x000000009e000000, 0x000000009f4c0000, 0x00000000a3200000)
  object space 21248K, 21% used [0x000000009e000000,0x000000009e48e6a0,0x000000009f4c0000)
Event: 5.578 GC heap after
Heap after GC invocations=10 (full 1):
 PSYoungGen      total 214208K, used 33596K [0x00000000e10b0000, 0x00000000f5ae0000, 0x0000000100000000)
  eden space 179648K, 0% used [0x00000000e10b0000,0x00000000e10b0000,0x00000000ec020000)
  from space 34560K, 97% used [0x00000000ec020000,0x00000000ee0ef0b8,0x00000000ee1e0000)
  to   space 40448K, 0% used [0x00000000f3360000,0x00000000f3360000,0x00000000f5ae0000)
 ParOldGen       total 90176K, used 44026K [0x00000000a3200000, 0x00000000a8a10000, 0x00000000e10b0000)
  object space 90176K, 48% used [0x00000000a3200000,0x00000000a5cfea90,0x00000000a8a10000)
 PSPermGen       total 21248K, used 4665K [0x000000009e000000, 0x000000009f4c0000, 0x00000000a3200000)
  object space 21248K, 21% used [0x000000009e000000,0x000000009e48e6a0,0x000000009f4c0000)
}
Event: 6.562 GC heap before
{Heap before GC invocations=11 (full 1):
 PSYoungGen      total 214208K, used 213244K [0x00000000e10b0000, 0x00000000f5ae0000, 0x0000000100000000)
  eden space 179648K, 100% used [0x00000000e10b0000,0x00000000ec020000,0x00000000ec020000)
  from space 34560K, 97% used [0x00000000ec020000,0x00000000ee0ef0b8,0x00000000ee1e0000)
  to   space 40448K, 0% used [0x00000000f3360000,0x00000000f3360000,0x00000000f5ae0000)
 ParOldGen       total 90176K, used 44026K [0x00000000a3200000, 0x00000000a8a10000, 0x00000000e10b0000)
  object space 90176K, 48% used [0x00000000a3200000,0x00000000a5cfea90,0x00000000a8a10000)
 PSPermGen       total 21248K, used 4665K [0x000000009e000000, 0x000000009f4c0000, 0x00000000a3200000)
  object space 21248K, 21% used [0x000000009e000000,0x000000009e48e6a0,0x000000009f4c0000)
Event: 6.598 GC heap after
Heap after GC invocations=11 (full 1):
 PSYoungGen      total 296640K, used 25016K [0x00000000e10b0000, 0x00000000f5df0000, 0x0000000100000000)
  eden space 256192K, 0% used [0x00000000e10b0000,0x00000000e10b0000,0x00000000f0ae0000)
  from space 40448K, 61% used [0x00000000f3360000,0x00000000f4bce078,0x00000000f5ae0000)
  to   space 41472K, 0% used [0x00000000f0ae0000,0x00000000f0ae0000,0x00000000f3360000)
 ParOldGen       total 90176K, used 44026K [0x00000000a3200000, 0x00000000a8a10000, 0x00000000e10b0000)
  object space 90176K, 48% used [0x00000000a3200000,0x00000000a5cfea90,0x00000000a8a10000)
 PSPermGen       total 21248K, used 4665K [0x000000009e000000, 0x000000009f4c0000, 0x00000000a3200000)
  object space 21248K, 21% used [0x000000009e000000,0x000000009e48e6a0,0x000000009f4c0000)
}
Event: 8.546 GC heap before
{Heap before GC invocations=12 (full 1):
 PSYoungGen      total 296640K, used 281208K [0x00000000e10b0000, 0x00000000f5df0000, 0x0000000100000000)
  eden space 256192K, 100% used [0x00000000e10b0000,0x00000000f0ae0000,0x00000000f0ae0000)
  from space 40448K, 61% used [0x00000000f3360000,0x00000000f4bce078,0x00000000f5ae0000)
  to   space 41472K, 0% used [0x00000000f0ae0000,0x00000000f0ae0000,0x00000000f3360000)
 ParOldGen       total 90176K, used 44026K [0x00000000a3200000, 0x00000000a8a10000, 0x00000000e10b0000)
  object space 90176K, 48% used [0x00000000a3200000,0x00000000a5cfea90,0x00000000a8a10000)
 PSPermGen       total 21248K, used 4666K [0x000000009e000000, 0x000000009f4c0000, 0x00000000a3200000)
  object space 21248K, 21% used [0x000000009e000000,0x000000009e48e9d0,0x000000009f4c0000)
Event: 8.569 GC heap after
Heap after GC invocations=12 (full 1):
 PSYoungGen      total 297664K, used 26509K [0x00000000e10b0000, 0x00000000fc680000, 0x0000000100000000)
  eden space 256192K, 0% used [0x00000000e10b0000,0x00000000e10b0000,0x00000000f0ae0000)
  from space 41472K, 63% used [0x00000000f0ae0000,0x00000000f24c34d8,0x00000000f3360000)
  to   space 42688K, 0% used [0x00000000f9cd0000,0x00000000f9cd0000,0x00000000fc680000)
 ParOldGen       total 90176K, used 45269K [0x00000000a3200000, 0x00000000a8a10000, 0x00000000e10b0000)
  object space 90176K, 50% used [0x00000000a3200000,0x00000000a5e35698,0x00000000a8a10000)
 PSPermGen       total 21248K, used 4666K [0x000000009e000000, 0x000000009f4c0000, 0x00000000a3200000)
  object space 21248K, 21% used [0x000000009e000000,0x000000009e48e9d0,0x000000009f4c0000)
}
Event: 10.823 GC heap before
{Heap before GC invocations=13 (full 1):
 PSYoungGen      total 297664K, used 282701K [0x00000000e10b0000, 0x00000000fc680000, 0x0000000100000000)
  eden space 256192K, 100% used [0x00000000e10b0000,0x00000000f0ae0000,0x00000000f0ae0000)
  from space 41472K, 63% used [0x00000000f0ae0000,0x00000000f24c34d8,0x00000000f3360000)
  to   space 42688K, 0% used [0x00000000f9cd0000,0x00000000f9cd0000,0x00000000fc680000)
 ParOldGen       total 90176K, used 45269K [0x00000000a3200000, 0x00000000a8a10000, 0x00000000e10b0000)
  object space 90176K, 50% used [0x00000000a3200000,0x00000000a5e35698,0x00000000a8a10000)
 PSPermGen       total 21248K, used 4666K [0x000000009e000000, 0x000000009f4c0000, 0x00000000a3200000)
  object space 21248K, 21% used [0x000000009e000000,0x000000009e48e9d0,0x000000009f4c0000)
Event: 10.846 GC heap after
Heap after GC invocations=13 (full 1):
 PSYoungGen      total 398208K, used 29341K [0x00000000e10b0000, 0x00000000fc4b0000, 0x0000000100000000)
  eden space 357376K, 0% used [0x00000000e10b0000,0x00000000e10b0000,0x00000000f6db0000)
  from space 40832K, 71% used [0x00000000f9cd0000,0x00000000fb977658,0x00000000fc4b0000)
  to   space 44544K, 0% used [0x00000000f6db0000,0x00000000f6db0000,0x00000000f9930000)
 ParOldGen       total 90176K, used 46821K [0x00000000a3200000, 0x00000000a8a10000, 0x00000000e10b0000)
  object space 90176K, 51% used [0x00000000a3200000,0x00000000a5fb9698,0x00000000a8a10000)
 PSPermGen       total 21248K, used 4666K [0x000000009e000000, 0x000000009f4c0000, 0x00000000a3200000)
  object space 21248K, 21% used [0x000000009e000000,0x000000009e48e9d0,0x000000009f4c0000)
}
Event: 13.775 GC heap before
{Heap before GC invocations=14 (full 1):
 PSYoungGen      total 398208K, used 386717K [0x00000000e10b0000, 0x00000000fc4b0000, 0x0000000100000000)
  eden space 357376K, 100% used [0x00000000e10b0000,0x00000000f6db0000,0x00000000f6db0000)
  from space 40832K, 71% used [0x00000000f9cd0000,0x00000000fb977658,0x00000000fc4b0000)
  to   space 44544K, 0% used [0x00000000f6db0000,0x00000000f6db0000,0x00000000f9930000)
 ParOldGen       total 90176K, used 46821K [0x00000000a3200000, 0x00000000a8a10000, 0x00000000e10b0000)
  object space 90176K, 51% used [0x00000000a3200000,0x00000000a5fb9698,0x00000000a8a10000)
 PSPermGen       total 21248K, used 4668K [0x000000009e000000, 0x000000009f4c0000, 0x00000000a3200000)
  object space 21248K, 21% used [0x000000009e000000,0x000000009e48f008,0x000000009f4c0000)
Event: 13.799 GC heap after
Heap after GC invocations=14 (full 1):
 PSYoungGen      total 401920K, used 26388K [0x00000000e10b0000, 0x0000000100000000, 0x0000000100000000)
  eden space 357376K, 0% used [0x00000000e10b0000,0x00000000e10b0000,0x00000000f6db0000)
  from space 44544K, 59% used [0x00000000f6db0000,0x00000000f8775148,0x00000000f9930000)
  to   space 44800K, 0% used [0x00000000fd440000,0x00000000fd440000,0x0000000100000000)
 ParOldGen       total 90176K, used 47933K [0x00000000a3200000, 0x00000000a8a10000, 0x00000000e10b0000)
  object space 90176K, 53% used [0x00000000a3200000,0x00000000a60cf698,0x00000000a8a10000)
 PSPermGen       total 21248K, used 4668K [0x000000009e000000, 0x000000009f4c0000, 0x00000000a3200000)
  object space 21248K, 21% used [0x000000009e000000,0x000000009e48f008,0x000000009f4c0000)
}

