# JRE version: 7.0_21-b11
# Java VM: Java HotSpot(TM) 64-Bit Server VM (23.21-b01 mixed mode windows-amd64 compressed oops)
Heap
 PSYoungGen      total 346688K, used 192320K [0x00000000e10b0000, 0x00000000ffcd0000, 0x0000000100000000)
  eden space 191744K, 41% used [0x00000000e10b0000,0x00000000e5ddc500,0x00000000ecbf0000)
  from space 154944K, 73% used [0x00000000f6580000,0x00000000fd423cd8,0x00000000ffcd0000)
  to   space 156096K, 0% used [0x00000000ecbf0000,0x00000000ecbf0000,0x00000000f6460000)
 ParOldGen       total 450304K, used 347003K [0x00000000a3200000, 0x00000000be9c0000, 0x00000000e10b0000)
  object space 450304K, 77% used [0x00000000a3200000,0x00000000b84def78,0x00000000be9c0000)
 PSPermGen       total 21248K, used 5822K [0x000000009e000000, 0x000000009f4c0000, 0x00000000a3200000)
  object space 21248K, 27% used [0x000000009e000000,0x000000009e5afa38,0x000000009f4c0000)
GC Heap History (10 events):
Event: 128.575 GC heap before
{Heap before GC invocations=35 (full 5):
 PSYoungGen      total 338176K, used 273391K [0x00000000e10b0000, 0x0000000100000000, 0x0000000100000000)
  eden space 169152K, 100% used [0x00000000e10b0000,0x00000000eb5e0000,0x00000000eb5e0000)
  from space 169024K, 61% used [0x00000000eb5e0000,0x00000000f1babcd8,0x00000000f5af0000)
  to   space 169024K, 0% used [0x00000000f5af0000,0x00000000f5af0000,0x0000000100000000)
 ParOldGen       total 450304K, used 280031K [0x00000000a3200000, 0x00000000be9c0000, 0x00000000e10b0000)
  object space 450304K, 62% used [0x00000000a3200000,0x00000000b4377c48,0x00000000be9c0000)
 PSPermGen       total 21248K, used 5822K [0x000000009e000000, 0x000000009f4c0000, 0x00000000a3200000)
  object space 21248K, 27% used [0x000000009e000000,0x000000009e5afa38,0x000000009f4c0000)
Event: 128.905 GC heap after
Heap after GC invocations=35 (full 5):
 PSYoungGen      total 331136K, used 106319K [0x00000000e10b0000, 0x00000000ff920000, 0x0000000100000000)
  eden space 169152K, 0% used [0x00000000e10b0000,0x00000000e10b0000,0x00000000eb5e0000)
  from space 161984K, 65% used [0x00000000f5af0000,0x00000000fc2c3cd8,0x00000000ff920000)
  to   space 165504K, 0% used [0x00000000eb5e0000,0x00000000eb5e0000,0x00000000f5780000)
 ParOldGen       total 450304K, used 291654K [0x00000000a3200000, 0x00000000be9c0000, 0x00000000e10b0000)
  object space 450304K, 64% used [0x00000000a3200000,0x00000000b4ed1910,0x00000000be9c0000)
 PSPermGen       total 21248K, used 5822K [0x000000009e000000, 0x000000009f4c0000, 0x00000000a3200000)
  object space 21248K, 27% used [0x000000009e000000,0x000000009e5afa38,0x000000009f4c0000)
}
Event: 131.120 GC heap before
{Heap before GC invocations=36 (full 5):
 PSYoungGen      total 331136K, used 275471K [0x00000000e10b0000, 0x00000000ff920000, 0x0000000100000000)
  eden space 169152K, 100% used [0x00000000e10b0000,0x00000000eb5e0000,0x00000000eb5e0000)
  from space 161984K, 65% used [0x00000000f5af0000,0x00000000fc2c3cd8,0x00000000ff920000)
  to   space 165504K, 0% used [0x00000000eb5e0000,0x00000000eb5e0000,0x00000000f5780000)
 ParOldGen       total 450304K, used 291654K [0x00000000a3200000, 0x00000000be9c0000, 0x00000000e10b0000)
  object space 450304K, 64% used [0x00000000a3200000,0x00000000b4ed1910,0x00000000be9c0000)
 PSPermGen       total 21248K, used 5822K [0x000000009e000000, 0x000000009f4c0000, 0x00000000a3200000)
  object space 21248K, 27% used [0x000000009e000000,0x000000009e5afa38,0x000000009f4c0000)
Event: 131.464 GC heap after
Heap after GC invocations=36 (full 5):
 PSYoungGen      total 334656K, used 100175K [0x00000000e10b0000, 0x00000000ff7b0000, 0x0000000100000000)
  eden space 169152K, 0% used [0x00000000e10b0000,0x00000000e10b0000,0x00000000eb5e0000)
  from space 165504K, 60% used [0x00000000eb5e0000,0x00000000f17b3cd8,0x00000000f5780000)
  to   space 159488K, 0% used [0x00000000f5bf0000,0x00000000f5bf0000,0x00000000ff7b0000)
 ParOldGen       total 450304K, used 303277K [0x00000000a3200000, 0x00000000be9c0000, 0x00000000e10b0000)
  object space 450304K, 67% used [0x00000000a3200000,0x00000000b5a2b5d8,0x00000000be9c0000)
 PSPermGen       total 21248K, used 5822K [0x000000009e000000, 0x000000009f4c0000, 0x00000000a3200000)
  object space 21248K, 27% used [0x000000009e000000,0x000000009e5afa38,0x000000009f4c0000)
}
Event: 133.466 GC heap before
{Heap before GC invocations=37 (full 5):
 PSYoungGen      total 334656K, used 265303K [0x00000000e10b0000, 0x00000000ff7b0000, 0x0000000100000000)
  eden space 169152K, 97% used [0x00000000e10b0000,0x00000000eb1f2200,0x00000000eb5e0000)
  from space 165504K, 60% used [0x00000000eb5e0000,0x00000000f17b3cd8,0x00000000f5780000)
  to   space 159488K, 0% used [0x00000000f5bf0000,0x00000000f5bf0000,0x00000000ff7b0000)
 ParOldGen       total 450304K, used 303277K [0x00000000a3200000, 0x00000000be9c0000, 0x00000000e10b0000)
  object space 450304K, 67% used [0x00000000a3200000,0x00000000b5a2b5d8,0x00000000be9c0000)
 PSPermGen       total 21248K, used 5822K [0x000000009e000000, 0x000000009f4c0000, 0x00000000a3200000)
  object space 21248K, 27% used [0x000000009e000000,0x000000009e5afa38,0x000000009f4c0000)
Event: 133.821 GC heap after
Heap after GC invocations=37 (full 5):
 PSYoungGen      total 339456K, used 111424K [0x00000000e10b0000, 0x00000000ff5c0000, 0x0000000100000000)
  eden space 181952K, 0% used [0x00000000e10b0000,0x00000000e10b0000,0x00000000ec260000)
  from space 157504K, 70% used [0x00000000f5bf0000,0x00000000fc8c0010,0x00000000ff5c0000)
  to   space 157248K, 0% used [0x00000000ec260000,0x00000000ec260000,0x00000000f5bf0000)
 ParOldGen       total 450304K, used 314892K [0x00000000a3200000, 0x00000000be9c0000, 0x00000000e10b0000)
  object space 450304K, 69% used [0x00000000a3200000,0x00000000b65832a0,0x00000000be9c0000)
 PSPermGen       total 21248K, used 5822K [0x000000009e000000, 0x000000009f4c0000, 0x00000000a3200000)
  object space 21248K, 27% used [0x000000009e000000,0x000000009e5afa38,0x000000009f4c0000)
}
Event: 146.651 GC heap before
{Heap before GC invocations=38 (full 5):
 PSYoungGen      total 339456K, used 283799K [0x00000000e10b0000, 0x00000000ff5c0000, 0x0000000100000000)
  eden space 181952K, 94% used [0x00000000e10b0000,0x00000000eb905f00,0x00000000ec260000)
  from space 157504K, 70% used [0x00000000f5bf0000,0x00000000fc8c0010,0x00000000ff5c0000)
  to   space 157248K, 0% used [0x00000000ec260000,0x00000000ec260000,0x00000000f5bf0000)
 ParOldGen       total 450304K, used 314892K [0x00000000a3200000, 0x00000000be9c0000, 0x00000000e10b0000)
  object space 450304K, 69% used [0x00000000a3200000,0x00000000b65832a0,0x00000000be9c0000)
 PSPermGen       total 21248K, used 5822K [0x000000009e000000, 0x000000009f4c0000, 0x00000000a3200000)
  object space 21248K, 27% used [0x000000009e000000,0x000000009e5afa38,0x000000009f4c0000)
Event: 147.005 GC heap after
Heap after GC invocations=38 (full 5):
 PSYoungGen      total 339200K, used 120239K [0x00000000e10b0000, 0x0000000100000000, 0x0000000100000000)
  eden space 181952K, 0% used [0x00000000e10b0000,0x00000000e10b0000,0x00000000ec260000)
  from space 157248K, 76% used [0x00000000ec260000,0x00000000f37cbcd8,0x00000000f5bf0000)
  to   space 158208K, 0% used [0x00000000f6580000,0x00000000f6580000,0x0000000100000000)
 ParOldGen       total 450304K, used 335380K [0x00000000a3200000, 0x00000000be9c0000, 0x00000000e10b0000)
  object space 450304K, 74% used [0x00000000a3200000,0x00000000b79852b0,0x00000000be9c0000)
 PSPermGen       total 21248K, used 5822K [0x000000009e000000, 0x000000009f4c0000, 0x00000000a3200000)
  object space 21248K, 27% used [0x000000009e000000,0x000000009e5afa38,0x000000009f4c0000)
}
Event: 149.440 GC heap before
{Heap before GC invocations=39 (full 5):
 PSYoungGen      total 339200K, used 302191K [0x00000000e10b0000, 0x0000000100000000, 0x0000000100000000)
  eden space 181952K, 100% used [0x00000000e10b0000,0x00000000ec260000,0x00000000ec260000)
  from space 157248K, 76% used [0x00000000ec260000,0x00000000f37cbcd8,0x00000000f5bf0000)
  to   space 158208K, 0% used [0x00000000f6580000,0x00000000f6580000,0x0000000100000000)
 ParOldGen       total 450304K, used 335380K [0x00000000a3200000, 0x00000000be9c0000, 0x00000000e10b0000)
  object space 450304K, 74% used [0x00000000a3200000,0x00000000b79852b0,0x00000000be9c0000)
 PSPermGen       total 21248K, used 5822K [0x000000009e000000, 0x000000009f4c0000, 0x00000000a3200000)
  object space 21248K, 27% used [0x000000009e000000,0x000000009e5afa38,0x000000009f4c0000)
Event: 149.804 GC heap after
Heap after GC invocations=39 (full 5):
 PSYoungGen      total 346688K, used 113295K [0x00000000e10b0000, 0x00000000ffcd0000, 0x0000000100000000)
  eden space 191744K, 0% used [0x00000000e10b0000,0x00000000e10b0000,0x00000000ecbf0000)
  from space 154944K, 73% used [0x00000000f6580000,0x00000000fd423cd8,0x00000000ffcd0000)
  to   space 156096K, 0% used [0x00000000ecbf0000,0x00000000ecbf0000,0x00000000f6460000)
 ParOldGen       total 450304K, used 347003K [0x00000000a3200000, 0x00000000be9c0000, 0x00000000e10b0000)
  object space 450304K, 77% used [0x00000000a3200000,0x00000000b84def78,0x00000000be9c0000)
 PSPermGen       total 21248K, used 5822K [0x000000009e000000, 0x000000009f4c0000, 0x00000000a3200000)
  object space 21248K, 27% used [0x000000009e000000,0x000000009e5afa38,0x000000009f4c0000)
}

