# JRE version: 7.0_21-b11
# Java VM: Java HotSpot(TM) 64-Bit Server VM (23.21-b01 mixed mode windows-amd64 compressed oops)
Heap
 PSYoungGen      total 452416K, used 396571K [0x00000000e10b0000, 0x0000000100000000, 0x0000000100000000)
  eden space 396736K, 92% used [0x00000000e10b0000,0x00000000f78d88f8,0x00000000f9420000)
  from space 55680K, 49% used [0x00000000fc9a0000,0x00000000fe4be400,0x0000000100000000)
  to   space 54784K, 0% used [0x00000000f9420000,0x00000000f9420000,0x00000000fc9a0000)
 ParOldGen       total 85824K, used 42619K [0x00000000a3200000, 0x00000000a85d0000, 0x00000000e10b0000)
  object space 85824K, 49% used [0x00000000a3200000,0x00000000a5b9ec40,0x00000000a85d0000)
 PSPermGen       total 21248K, used 5932K [0x000000009e000000, 0x000000009f4c0000, 0x00000000a3200000)
  object space 21248K, 27% used [0x000000009e000000,0x000000009e5cb3d0,0x000000009f4c0000)
GC Heap History (10 events):
Event: 3.502 GC heap before
{Heap before GC invocations=7 (full 1):
 PSYoungGen      total 199744K, used 21690K [0x00000000e10b0000, 0x00000000f0ed0000, 0x0000000100000000)
  eden space 178048K, 0% used [0x00000000e10b0000,0x00000000e10b0000,0x00000000ebe90000)
  from space 21696K, 99% used [0x00000000ee060000,0x00000000ef58ead8,0x00000000ef590000)
  to   space 34624K, 0% used [0x00000000ebe90000,0x00000000ebe90000,0x00000000ee060000)
 ParOldGen       total 63424K, used 50154K [0x00000000a3200000, 0x00000000a6ff0000, 0x00000000e10b0000)
  object space 63424K, 79% used [0x00000000a3200000,0x00000000a62fa838,0x00000000a6ff0000)
 PSPermGen       total 21248K, used 4666K [0x000000009e000000, 0x000000009f4c0000, 0x00000000a3200000)
  object space 21248K, 21% used [0x000000009e000000,0x000000009e48ead8,0x000000009f4c0000)
Event: 3.537 GC heap after
Heap after GC invocations=7 (full 1):
 PSYoungGen      total 199744K, used 0K [0x00000000e10b0000, 0x00000000f0ed0000, 0x0000000100000000)
  eden space 178048K, 0% used [0x00000000e10b0000,0x00000000e10b0000,0x00000000ebe90000)
  from space 21696K, 0% used [0x00000000ee060000,0x00000000ee060000,0x00000000ef590000)
  to   space 34624K, 0% used [0x00000000ebe90000,0x00000000ebe90000,0x00000000ee060000)
 ParOldGen       total 85824K, used 34157K [0x00000000a3200000, 0x00000000a85d0000, 0x00000000e10b0000)
  object space 85824K, 39% used [0x00000000a3200000,0x00000000a535b610,0x00000000a85d0000)
 PSPermGen       total 21248K, used 4664K [0x000000009e000000, 0x000000009f4c0000, 0x00000000a3200000)
  object space 21248K, 21% used [0x000000009e000000,0x000000009e48e2d0,0x000000009f4c0000)
}
Event: 4.962 GC heap before
{Heap before GC invocations=8 (full 1):
 PSYoungGen      total 199744K, used 178048K [0x00000000e10b0000, 0x00000000f0ed0000, 0x0000000100000000)
  eden space 178048K, 100% used [0x00000000e10b0000,0x00000000ebe90000,0x00000000ebe90000)
  from space 21696K, 0% used [0x00000000ee060000,0x00000000ee060000,0x00000000ef590000)
  to   space 34624K, 0% used [0x00000000ebe90000,0x00000000ebe90000,0x00000000ee060000)
 ParOldGen       total 85824K, used 34157K [0x00000000a3200000, 0x00000000a85d0000, 0x00000000e10b0000)
  object space 85824K, 39% used [0x00000000a3200000,0x00000000a535b610,0x00000000a85d0000)
 PSPermGen       total 21248K, used 4665K [0x000000009e000000, 0x000000009f4c0000, 0x00000000a3200000)
  object space 21248K, 21% used [0x000000009e000000,0x000000009e48e6a0,0x000000009f4c0000)
Event: 4.977 GC heap after
Heap after GC invocations=8 (full 1):
 PSYoungGen      total 212672K, used 27275K [0x00000000e10b0000, 0x00000000f82e0000, 0x0000000100000000)
  eden space 178048K, 0% used [0x00000000e10b0000,0x00000000e10b0000,0x00000000ebe90000)
  from space 34624K, 78% used [0x00000000ebe90000,0x00000000ed932ea0,0x00000000ee060000)
  to   space 38976K, 0% used [0x00000000f5cd0000,0x00000000f5cd0000,0x00000000f82e0000)
 ParOldGen       total 85824K, used 34157K [0x00000000a3200000, 0x00000000a85d0000, 0x00000000e10b0000)
  object space 85824K, 39% used [0x00000000a3200000,0x00000000a535b610,0x00000000a85d0000)
 PSPermGen       total 21248K, used 4665K [0x000000009e000000, 0x000000009f4c0000, 0x00000000a3200000)
  object space 21248K, 21% used [0x000000009e000000,0x000000009e48e6a0,0x000000009f4c0000)
}
Event: 6.166 GC heap before
{Heap before GC invocations=9 (full 1):
 PSYoungGen      total 212672K, used 205323K [0x00000000e10b0000, 0x00000000f82e0000, 0x0000000100000000)
  eden space 178048K, 100% used [0x00000000e10b0000,0x00000000ebe90000,0x00000000ebe90000)
  from space 34624K, 78% used [0x00000000ebe90000,0x00000000ed932ea0,0x00000000ee060000)
  to   space 38976K, 0% used [0x00000000f5cd0000,0x00000000f5cd0000,0x00000000f82e0000)
 ParOldGen       total 85824K, used 34157K [0x00000000a3200000, 0x00000000a85d0000, 0x00000000e10b0000)
  object space 85824K, 39% used [0x00000000a3200000,0x00000000a535b610,0x00000000a85d0000)
 PSPermGen       total 21248K, used 4665K [0x000000009e000000, 0x000000009f4c0000, 0x00000000a3200000)
  object space 21248K, 21% used [0x000000009e000000,0x000000009e48e6a0,0x000000009f4c0000)
Event: 6.183 GC heap after
Heap after GC invocations=9 (full 1):
 PSYoungGen      total 331392K, used 38974K [0x00000000e10b0000, 0x00000000f9020000, 0x0000000100000000)
  eden space 292416K, 0% used [0x00000000e10b0000,0x00000000e10b0000,0x00000000f2e40000)
  from space 38976K, 99% used [0x00000000f5cd0000,0x00000000f82df918,0x00000000f82e0000)
  to   space 47680K, 0% used [0x00000000f2e40000,0x00000000f2e40000,0x00000000f5cd0000)
 ParOldGen       total 85824K, used 36267K [0x00000000a3200000, 0x00000000a85d0000, 0x00000000e10b0000)
  object space 85824K, 42% used [0x00000000a3200000,0x00000000a556ae30,0x00000000a85d0000)
 PSPermGen       total 21248K, used 4665K [0x000000009e000000, 0x000000009f4c0000, 0x00000000a3200000)
  object space 21248K, 21% used [0x000000009e000000,0x000000009e48e6a0,0x000000009f4c0000)
}
Event: 8.272 GC heap before
{Heap before GC invocations=10 (full 1):
 PSYoungGen      total 331392K, used 331390K [0x00000000e10b0000, 0x00000000f9020000, 0x0000000100000000)
  eden space 292416K, 100% used [0x00000000e10b0000,0x00000000f2e40000,0x00000000f2e40000)
  from space 38976K, 99% used [0x00000000f5cd0000,0x00000000f82df918,0x00000000f82e0000)
  to   space 47680K, 0% used [0x00000000f2e40000,0x00000000f2e40000,0x00000000f5cd0000)
 ParOldGen       total 85824K, used 36267K [0x00000000a3200000, 0x00000000a85d0000, 0x00000000e10b0000)
  object space 85824K, 42% used [0x00000000a3200000,0x00000000a556ae30,0x00000000a85d0000)
 PSPermGen       total 21248K, used 4666K [0x000000009e000000, 0x000000009f4c0000, 0x00000000a3200000)
  object space 21248K, 21% used [0x000000009e000000,0x000000009e48e9d0,0x000000009f4c0000)
Event: 8.293 GC heap after
Heap after GC invocations=10 (full 1):
 PSYoungGen      total 340096K, used 45607K [0x00000000e10b0000, 0x0000000100000000, 0x0000000100000000)
  eden space 292416K, 0% used [0x00000000e10b0000,0x00000000e10b0000,0x00000000f2e40000)
  from space 47680K, 95% used [0x00000000f2e40000,0x00000000f5ac9fe0,0x00000000f5cd0000)
  to   space 55680K, 0% used [0x00000000fc9a0000,0x00000000fc9a0000,0x0000000100000000)
 ParOldGen       total 85824K, used 36267K [0x00000000a3200000, 0x00000000a85d0000, 0x00000000e10b0000)
  object space 85824K, 42% used [0x00000000a3200000,0x00000000a556ae30,0x00000000a85d0000)
 PSPermGen       total 21248K, used 4666K [0x000000009e000000, 0x000000009f4c0000, 0x00000000a3200000)
  object space 21248K, 21% used [0x000000009e000000,0x000000009e48e9d0,0x000000009f4c0000)
}
Event: 10.330 GC heap before
{Heap before GC invocations=11 (full 1):
 PSYoungGen      total 340096K, used 338023K [0x00000000e10b0000, 0x0000000100000000, 0x0000000100000000)
  eden space 292416K, 100% used [0x00000000e10b0000,0x00000000f2e40000,0x00000000f2e40000)
  from space 47680K, 95% used [0x00000000f2e40000,0x00000000f5ac9fe0,0x00000000f5cd0000)
  to   space 55680K, 0% used [0x00000000fc9a0000,0x00000000fc9a0000,0x0000000100000000)
 ParOldGen       total 85824K, used 36267K [0x00000000a3200000, 0x00000000a85d0000, 0x00000000e10b0000)
  object space 85824K, 42% used [0x00000000a3200000,0x00000000a556ae30,0x00000000a85d0000)
 PSPermGen       total 21248K, used 4666K [0x000000009e000000, 0x000000009f4c0000, 0x00000000a3200000)
  object space 21248K, 21% used [0x000000009e000000,0x000000009e48e9d0,0x000000009f4c0000)
Event: 10.347 GC heap after
Heap after GC invocations=11 (full 1):
 PSYoungGen      total 452416K, used 27769K [0x00000000e10b0000, 0x0000000100000000, 0x0000000100000000)
  eden space 396736K, 0% used [0x00000000e10b0000,0x00000000e10b0000,0x00000000f9420000)
  from space 55680K, 49% used [0x00000000fc9a0000,0x00000000fe4be400,0x0000000100000000)
  to   space 54784K, 0% used [0x00000000f9420000,0x00000000f9420000,0x00000000fc9a0000)
 ParOldGen       total 85824K, used 42619K [0x00000000a3200000, 0x00000000a85d0000, 0x00000000e10b0000)
  object space 85824K, 49% used [0x00000000a3200000,0x00000000a5b9ec40,0x00000000a85d0000)
 PSPermGen       total 21248K, used 4666K [0x000000009e000000, 0x000000009f4c0000, 0x00000000a3200000)
  object space 21248K, 21% used [0x000000009e000000,0x000000009e48e9d0,0x000000009f4c0000)
}

