# JRE version: 7.0_21-b11
# Java VM: Java HotSpot(TM) 64-Bit Server VM (23.21-b01 mixed mode windows-amd64 compressed oops)
Heap
 PSYoungGen      total 382976K, used 172550K [0x00000000e10b0000, 0x0000000100000000, 0x0000000100000000)
  eden space 332032K, 41% used [0x00000000e10b0000,0x00000000e975cac0,0x00000000f54f0000)
  from space 50944K, 68% used [0x00000000f54f0000,0x00000000f76c5000,0x00000000f86b0000)
  to   space 53056K, 0% used [0x00000000fcc30000,0x00000000fcc30000,0x0000000100000000)
 ParOldGen       total 93184K, used 49532K [0x00000000a3200000, 0x00000000a8d00000, 0x00000000e10b0000)
  object space 93184K, 53% used [0x00000000a3200000,0x00000000a625f008,0x00000000a8d00000)
 PSPermGen       total 21248K, used 5934K [0x000000009e000000, 0x000000009f4c0000, 0x00000000a3200000)
  object space 21248K, 27% used [0x000000009e000000,0x000000009e5cbb50,0x000000009f4c0000)
GC Heap History (10 events):
Event: 5.291 GC heap before
{Heap before GC invocations=10 (full 1):
 PSYoungGen      total 202112K, used 180032K [0x00000000e10b0000, 0x00000000f0bb0000, 0x0000000100000000)
  eden space 180032K, 100% used [0x00000000e10b0000,0x00000000ec080000,0x00000000ec080000)
  from space 22080K, 0% used [0x00000000ee0c0000,0x00000000ee0c0000,0x00000000ef650000)
  to   space 33024K, 0% used [0x00000000ec080000,0x00000000ec080000,0x00000000ee0c0000)
 ParOldGen       total 93184K, used 39270K [0x00000000a3200000, 0x00000000a8d00000, 0x00000000e10b0000)
  object space 93184K, 42% used [0x00000000a3200000,0x00000000a58599d8,0x00000000a8d00000)
 PSPermGen       total 21248K, used 4667K [0x000000009e000000, 0x000000009f4c0000, 0x00000000a3200000)
  object space 21248K, 21% used [0x000000009e000000,0x000000009e48ee50,0x000000009f4c0000)
Event: 5.317 GC heap after
Heap after GC invocations=10 (full 1):
 PSYoungGen      total 213056K, used 32038K [0x00000000e10b0000, 0x00000000f4ca0000, 0x0000000100000000)
  eden space 180032K, 0% used [0x00000000e10b0000,0x00000000e10b0000,0x00000000ec080000)
  from space 33024K, 97% used [0x00000000ec080000,0x00000000edfc9898,0x00000000ee0c0000)
  to   space 38400K, 0% used [0x00000000f2720000,0x00000000f2720000,0x00000000f4ca0000)
 ParOldGen       total 93184K, used 45630K [0x00000000a3200000, 0x00000000a8d00000, 0x00000000e10b0000)
  object space 93184K, 48% used [0x00000000a3200000,0x00000000a5e8fa58,0x00000000a8d00000)
 PSPermGen       total 21248K, used 4667K [0x000000009e000000, 0x000000009f4c0000, 0x00000000a3200000)
  object space 21248K, 21% used [0x000000009e000000,0x000000009e48ee50,0x000000009f4c0000)
}
Event: 6.274 GC heap before
{Heap before GC invocations=11 (full 1):
 PSYoungGen      total 213056K, used 212070K [0x00000000e10b0000, 0x00000000f4ca0000, 0x0000000100000000)
  eden space 180032K, 100% used [0x00000000e10b0000,0x00000000ec080000,0x00000000ec080000)
  from space 33024K, 97% used [0x00000000ec080000,0x00000000edfc9898,0x00000000ee0c0000)
  to   space 38400K, 0% used [0x00000000f2720000,0x00000000f2720000,0x00000000f4ca0000)
 ParOldGen       total 93184K, used 45630K [0x00000000a3200000, 0x00000000a8d00000, 0x00000000e10b0000)
  object space 93184K, 48% used [0x00000000a3200000,0x00000000a5e8fa58,0x00000000a8d00000)
 PSPermGen       total 21248K, used 4667K [0x000000009e000000, 0x000000009f4c0000, 0x00000000a3200000)
  object space 21248K, 21% used [0x000000009e000000,0x000000009e48ee50,0x000000009f4c0000)
Event: 6.296 GC heap after
Heap after GC invocations=11 (full 1):
 PSYoungGen      total 283264K, used 26613K [0x00000000e10b0000, 0x00000000f5140000, 0x0000000100000000)
  eden space 244864K, 0% used [0x00000000e10b0000,0x00000000e10b0000,0x00000000effd0000)
  from space 38400K, 69% used [0x00000000f2720000,0x00000000f411d700,0x00000000f4ca0000)
  to   space 40256K, 0% used [0x00000000effd0000,0x00000000effd0000,0x00000000f2720000)
 ParOldGen       total 93184K, used 45630K [0x00000000a3200000, 0x00000000a8d00000, 0x00000000e10b0000)
  object space 93184K, 48% used [0x00000000a3200000,0x00000000a5e8fa58,0x00000000a8d00000)
 PSPermGen       total 21248K, used 4667K [0x000000009e000000, 0x000000009f4c0000, 0x00000000a3200000)
  object space 21248K, 21% used [0x000000009e000000,0x000000009e48ee50,0x000000009f4c0000)
}
Event: 7.932 GC heap before
{Heap before GC invocations=12 (full 1):
 PSYoungGen      total 283264K, used 271477K [0x00000000e10b0000, 0x00000000f5140000, 0x0000000100000000)
  eden space 244864K, 100% used [0x00000000e10b0000,0x00000000effd0000,0x00000000effd0000)
  from space 38400K, 69% used [0x00000000f2720000,0x00000000f411d700,0x00000000f4ca0000)
  to   space 40256K, 0% used [0x00000000effd0000,0x00000000effd0000,0x00000000f2720000)
 ParOldGen       total 93184K, used 45630K [0x00000000a3200000, 0x00000000a8d00000, 0x00000000e10b0000)
  object space 93184K, 48% used [0x00000000a3200000,0x00000000a5e8fa58,0x00000000a8d00000)
 PSPermGen       total 21248K, used 4668K [0x000000009e000000, 0x000000009f4c0000, 0x00000000a3200000)
  object space 21248K, 21% used [0x000000009e000000,0x000000009e48f180,0x000000009f4c0000)
Event: 7.966 GC heap after
Heap after GC invocations=12 (full 1):
 PSYoungGen      total 285120K, used 39326K [0x00000000e10b0000, 0x00000000fb3e0000, 0x0000000100000000)
  eden space 244864K, 0% used [0x00000000e10b0000,0x00000000e10b0000,0x00000000effd0000)
  from space 40256K, 97% used [0x00000000effd0000,0x00000000f2637918,0x00000000f2720000)
  to   space 46272K, 0% used [0x00000000f86b0000,0x00000000f86b0000,0x00000000fb3e0000)
 ParOldGen       total 93184K, used 46876K [0x00000000a3200000, 0x00000000a8d00000, 0x00000000e10b0000)
  object space 93184K, 50% used [0x00000000a3200000,0x00000000a5fc7008,0x00000000a8d00000)
 PSPermGen       total 21248K, used 4668K [0x000000009e000000, 0x000000009f4c0000, 0x00000000a3200000)
  object space 21248K, 21% used [0x000000009e000000,0x000000009e48f180,0x000000009f4c0000)
}
Event: 9.592 GC heap before
{Heap before GC invocations=13 (full 1):
 PSYoungGen      total 285120K, used 284190K [0x00000000e10b0000, 0x00000000fb3e0000, 0x0000000100000000)
  eden space 244864K, 100% used [0x00000000e10b0000,0x00000000effd0000,0x00000000effd0000)
  from space 40256K, 97% used [0x00000000effd0000,0x00000000f2637918,0x00000000f2720000)
  to   space 46272K, 0% used [0x00000000f86b0000,0x00000000f86b0000,0x00000000fb3e0000)
 ParOldGen       total 93184K, used 46876K [0x00000000a3200000, 0x00000000a8d00000, 0x00000000e10b0000)
  object space 93184K, 50% used [0x00000000a3200000,0x00000000a5fc7008,0x00000000a8d00000)
 PSPermGen       total 21248K, used 4668K [0x000000009e000000, 0x000000009f4c0000, 0x00000000a3200000)
  object space 21248K, 21% used [0x000000009e000000,0x000000009e48f180,0x000000009f4c0000)
Event: 9.622 GC heap after
Heap after GC invocations=13 (full 1):
 PSYoungGen      total 378304K, used 38849K [0x00000000e10b0000, 0x00000000fbc20000, 0x0000000100000000)
  eden space 332032K, 0% used [0x00000000e10b0000,0x00000000e10b0000,0x00000000f54f0000)
  from space 46272K, 83% used [0x00000000f86b0000,0x00000000faca0698,0x00000000fb3e0000)
  to   space 50944K, 0% used [0x00000000f54f0000,0x00000000f54f0000,0x00000000f86b0000)
 ParOldGen       total 93184K, used 48420K [0x00000000a3200000, 0x00000000a8d00000, 0x00000000e10b0000)
  object space 93184K, 51% used [0x00000000a3200000,0x00000000a6149008,0x00000000a8d00000)
 PSPermGen       total 21248K, used 4668K [0x000000009e000000, 0x000000009f4c0000, 0x00000000a3200000)
  object space 21248K, 21% used [0x000000009e000000,0x000000009e48f180,0x000000009f4c0000)
}
Event: 12.146 GC heap before
{Heap before GC invocations=14 (full 1):
 PSYoungGen      total 378304K, used 370881K [0x00000000e10b0000, 0x00000000fbc20000, 0x0000000100000000)
  eden space 332032K, 100% used [0x00000000e10b0000,0x00000000f54f0000,0x00000000f54f0000)
  from space 46272K, 83% used [0x00000000f86b0000,0x00000000faca0698,0x00000000fb3e0000)
  to   space 50944K, 0% used [0x00000000f54f0000,0x00000000f54f0000,0x00000000f86b0000)
 ParOldGen       total 93184K, used 48420K [0x00000000a3200000, 0x00000000a8d00000, 0x00000000e10b0000)
  object space 93184K, 51% used [0x00000000a3200000,0x00000000a6149008,0x00000000a8d00000)
 PSPermGen       total 21248K, used 4669K [0x000000009e000000, 0x000000009f4c0000, 0x00000000a3200000)
  object space 21248K, 21% used [0x000000009e000000,0x000000009e48f7b8,0x000000009f4c0000)
Event: 12.174 GC heap after
Heap after GC invocations=14 (full 1):
 PSYoungGen      total 382976K, used 34644K [0x00000000e10b0000, 0x0000000100000000, 0x0000000100000000)
  eden space 332032K, 0% used [0x00000000e10b0000,0x00000000e10b0000,0x00000000f54f0000)
  from space 50944K, 68% used [0x00000000f54f0000,0x00000000f76c5000,0x00000000f86b0000)
  to   space 53056K, 0% used [0x00000000fcc30000,0x00000000fcc30000,0x0000000100000000)
 ParOldGen       total 93184K, used 49532K [0x00000000a3200000, 0x00000000a8d00000, 0x00000000e10b0000)
  object space 93184K, 53% used [0x00000000a3200000,0x00000000a625f008,0x00000000a8d00000)
 PSPermGen       total 21248K, used 4669K [0x000000009e000000, 0x000000009f4c0000, 0x00000000a3200000)
  object space 21248K, 21% used [0x000000009e000000,0x000000009e48f7b8,0x000000009f4c0000)
}

