# JRE version: 7.0_21-b11
# Java VM: Java HotSpot(TM) 64-Bit Server VM (23.21-b01 mixed mode windows-amd64 compressed oops)
Heap
 PSYoungGen      total 400384K, used 121104K [0x00000000e10b0000, 0x00000000fffe0000, 0x0000000100000000)
  eden space 353984K, 27% used [0x00000000e10b0000,0x00000000e6ff3870,0x00000000f6a60000)
  from space 46400K, 50% used [0x00000000f6a60000,0x00000000f8160800,0x00000000f97b0000)
  to   space 45312K, 0% used [0x00000000fd3a0000,0x00000000fd3a0000,0x00000000fffe0000)
 ParOldGen       total 89472K, used 46459K [0x00000000a3200000, 0x00000000a8960000, 0x00000000e10b0000)
  object space 89472K, 51% used [0x00000000a3200000,0x00000000a5f5ef68,0x00000000a8960000)
 PSPermGen       total 21248K, used 5934K [0x000000009e000000, 0x000000009f4c0000, 0x00000000a3200000)
  object space 21248K, 27% used [0x000000009e000000,0x000000009e5cbbf0,0x000000009f4c0000)
GC Heap History (10 events):
Event: 5.344 GC heap before
{Heap before GC invocations=10 (full 1):
 PSYoungGen      total 203392K, used 179648K [0x00000000e10b0000, 0x00000000f0fb0000, 0x0000000100000000)
  eden space 179648K, 100% used [0x00000000e10b0000,0x00000000ec020000,0x00000000ec020000)
  from space 23744K, 0% used [0x00000000ee260000,0x00000000ee260000,0x00000000ef990000)
  to   space 35072K, 0% used [0x00000000ec020000,0x00000000ec020000,0x00000000ee260000)
 ParOldGen       total 89472K, used 39270K [0x00000000a3200000, 0x00000000a8960000, 0x00000000e10b0000)
  object space 89472K, 43% used [0x00000000a3200000,0x00000000a5859b38,0x00000000a8960000)
 PSPermGen       total 21248K, used 4667K [0x000000009e000000, 0x000000009f4c0000, 0x00000000a3200000)
  object space 21248K, 21% used [0x000000009e000000,0x000000009e48ee88,0x000000009f4c0000)
Event: 5.360 GC heap after
Heap after GC invocations=10 (full 1):
 PSYoungGen      total 214720K, used 35060K [0x00000000e10b0000, 0x00000000f6080000, 0x0000000100000000)
  eden space 179648K, 0% used [0x00000000e10b0000,0x00000000e10b0000,0x00000000ec020000)
  from space 35072K, 99% used [0x00000000ec020000,0x00000000ee25d0f0,0x00000000ee260000)
  to   space 42816K, 0% used [0x00000000f36b0000,0x00000000f36b0000,0x00000000f6080000)
 ParOldGen       total 89472K, used 42552K [0x00000000a3200000, 0x00000000a8960000, 0x00000000e10b0000)
  object space 89472K, 47% used [0x00000000a3200000,0x00000000a5b8e360,0x00000000a8960000)
 PSPermGen       total 21248K, used 4667K [0x000000009e000000, 0x000000009f4c0000, 0x00000000a3200000)
  object space 21248K, 21% used [0x000000009e000000,0x000000009e48ee88,0x000000009f4c0000)
}
Event: 6.330 GC heap before
{Heap before GC invocations=11 (full 1):
 PSYoungGen      total 214720K, used 214708K [0x00000000e10b0000, 0x00000000f6080000, 0x0000000100000000)
  eden space 179648K, 100% used [0x00000000e10b0000,0x00000000ec020000,0x00000000ec020000)
  from space 35072K, 99% used [0x00000000ec020000,0x00000000ee25d0f0,0x00000000ee260000)
  to   space 42816K, 0% used [0x00000000f36b0000,0x00000000f36b0000,0x00000000f6080000)
 ParOldGen       total 89472K, used 42552K [0x00000000a3200000, 0x00000000a8960000, 0x00000000e10b0000)
  object space 89472K, 47% used [0x00000000a3200000,0x00000000a5b8e360,0x00000000a8960000)
 PSPermGen       total 21248K, used 4667K [0x000000009e000000, 0x000000009f4c0000, 0x00000000a3200000)
  object space 21248K, 21% used [0x000000009e000000,0x000000009e48ee88,0x000000009f4c0000)
Event: 6.342 GC heap after
Heap after GC invocations=11 (full 1):
 PSYoungGen      total 297216K, used 26512K [0x00000000e10b0000, 0x00000000f5fd0000, 0x0000000100000000)
  eden space 255104K, 0% used [0x00000000e10b0000,0x00000000e10b0000,0x00000000f09d0000)
  from space 42112K, 62% used [0x00000000f36b0000,0x00000000f50940b0,0x00000000f5fd0000)
  to   space 44032K, 0% used [0x00000000f09d0000,0x00000000f09d0000,0x00000000f34d0000)
 ParOldGen       total 89472K, used 42552K [0x00000000a3200000, 0x00000000a8960000, 0x00000000e10b0000)
  object space 89472K, 47% used [0x00000000a3200000,0x00000000a5b8e360,0x00000000a8960000)
 PSPermGen       total 21248K, used 4667K [0x000000009e000000, 0x000000009f4c0000, 0x00000000a3200000)
  object space 21248K, 21% used [0x000000009e000000,0x000000009e48ee88,0x000000009f4c0000)
}
Event: 8.057 GC heap before
{Heap before GC invocations=12 (full 1):
 PSYoungGen      total 297216K, used 281616K [0x00000000e10b0000, 0x00000000f5fd0000, 0x0000000100000000)
  eden space 255104K, 100% used [0x00000000e10b0000,0x00000000f09d0000,0x00000000f09d0000)
  from space 42112K, 62% used [0x00000000f36b0000,0x00000000f50940b0,0x00000000f5fd0000)
  to   space 44032K, 0% used [0x00000000f09d0000,0x00000000f09d0000,0x00000000f34d0000)
 ParOldGen       total 89472K, used 42552K [0x00000000a3200000, 0x00000000a8960000, 0x00000000e10b0000)
  object space 89472K, 47% used [0x00000000a3200000,0x00000000a5b8e360,0x00000000a8960000)
 PSPermGen       total 21248K, used 4668K [0x000000009e000000, 0x000000009f4c0000, 0x00000000a3200000)
  object space 21248K, 21% used [0x000000009e000000,0x000000009e48f1b8,0x000000009f4c0000)
Event: 8.077 GC heap after
Heap after GC invocations=12 (full 1):
 PSYoungGen      total 299136K, used 26517K [0x00000000e10b0000, 0x00000000fc580000, 0x0000000100000000)
  eden space 255104K, 0% used [0x00000000e10b0000,0x00000000e10b0000,0x00000000f09d0000)
  from space 44032K, 60% used [0x00000000f09d0000,0x00000000f23b5680,0x00000000f34d0000)
  to   space 44864K, 0% used [0x00000000f99b0000,0x00000000f99b0000,0x00000000fc580000)
 ParOldGen       total 89472K, used 43795K [0x00000000a3200000, 0x00000000a8960000, 0x00000000e10b0000)
  object space 89472K, 48% used [0x00000000a3200000,0x00000000a5cc4f68,0x00000000a8960000)
 PSPermGen       total 21248K, used 4668K [0x000000009e000000, 0x000000009f4c0000, 0x00000000a3200000)
  object space 21248K, 21% used [0x000000009e000000,0x000000009e48f1b8,0x000000009f4c0000)
}
Event: 9.841 GC heap before
{Heap before GC invocations=13 (full 1):
 PSYoungGen      total 299136K, used 281621K [0x00000000e10b0000, 0x00000000fc580000, 0x0000000100000000)
  eden space 255104K, 100% used [0x00000000e10b0000,0x00000000f09d0000,0x00000000f09d0000)
  from space 44032K, 60% used [0x00000000f09d0000,0x00000000f23b5680,0x00000000f34d0000)
  to   space 44864K, 0% used [0x00000000f99b0000,0x00000000f99b0000,0x00000000fc580000)
 ParOldGen       total 89472K, used 43795K [0x00000000a3200000, 0x00000000a8960000, 0x00000000e10b0000)
  object space 89472K, 48% used [0x00000000a3200000,0x00000000a5cc4f68,0x00000000a8960000)
 PSPermGen       total 21248K, used 4668K [0x000000009e000000, 0x000000009f4c0000, 0x00000000a3200000)
  object space 21248K, 21% used [0x000000009e000000,0x000000009e48f1b8,0x000000009f4c0000)
Event: 9.864 GC heap after
Heap after GC invocations=13 (full 1):
 PSYoungGen      total 398336K, used 29309K [0x00000000e10b0000, 0x00000000fc500000, 0x0000000100000000)
  eden space 353984K, 0% used [0x00000000e10b0000,0x00000000e10b0000,0x00000000f6a60000)
  from space 44352K, 66% used [0x00000000f99b0000,0x00000000fb64f658,0x00000000fc500000)
  to   space 46400K, 0% used [0x00000000f6a60000,0x00000000f6a60000,0x00000000f97b0000)
 ParOldGen       total 89472K, used 45347K [0x00000000a3200000, 0x00000000a8960000, 0x00000000e10b0000)
  object space 89472K, 50% used [0x00000000a3200000,0x00000000a5e48f68,0x00000000a8960000)
 PSPermGen       total 21248K, used 4668K [0x000000009e000000, 0x000000009f4c0000, 0x00000000a3200000)
  object space 21248K, 21% used [0x000000009e000000,0x000000009e48f1b8,0x000000009f4c0000)
}
Event: 12.520 GC heap before
{Heap before GC invocations=14 (full 1):
 PSYoungGen      total 398336K, used 383293K [0x00000000e10b0000, 0x00000000fc500000, 0x0000000100000000)
  eden space 353984K, 100% used [0x00000000e10b0000,0x00000000f6a60000,0x00000000f6a60000)
  from space 44352K, 66% used [0x00000000f99b0000,0x00000000fb64f658,0x00000000fc500000)
  to   space 46400K, 0% used [0x00000000f6a60000,0x00000000f6a60000,0x00000000f97b0000)
 ParOldGen       total 89472K, used 45347K [0x00000000a3200000, 0x00000000a8960000, 0x00000000e10b0000)
  object space 89472K, 50% used [0x00000000a3200000,0x00000000a5e48f68,0x00000000a8960000)
 PSPermGen       total 21248K, used 4669K [0x000000009e000000, 0x000000009f4c0000, 0x00000000a3200000)
  object space 21248K, 21% used [0x000000009e000000,0x000000009e48f7f0,0x000000009f4c0000)
Event: 12.571 GC heap after
Heap after GC invocations=14 (full 1):
 PSYoungGen      total 400384K, used 23554K [0x00000000e10b0000, 0x00000000fffe0000, 0x0000000100000000)
  eden space 353984K, 0% used [0x00000000e10b0000,0x00000000e10b0000,0x00000000f6a60000)
  from space 46400K, 50% used [0x00000000f6a60000,0x00000000f8160800,0x00000000f97b0000)
  to   space 45312K, 0% used [0x00000000fd3a0000,0x00000000fd3a0000,0x00000000fffe0000)
 ParOldGen       total 89472K, used 46459K [0x00000000a3200000, 0x00000000a8960000, 0x00000000e10b0000)
  object space 89472K, 51% used [0x00000000a3200000,0x00000000a5f5ef68,0x00000000a8960000)
 PSPermGen       total 21248K, used 4669K [0x000000009e000000, 0x000000009f4c0000, 0x00000000a3200000)
  object space 21248K, 21% used [0x000000009e000000,0x000000009e48f7f0,0x000000009f4c0000)
}

