# JRE version: 7.0_21-b11
# Java VM: Java HotSpot(TM) 64-Bit Server VM (23.21-b01 mixed mode windows-amd64 compressed oops)
Heap
 PSYoungGen      total 380928K, used 121044K [0x00000000e10b0000, 0x0000000100000000, 0x0000000100000000)
  eden space 343232K, 27% used [0x00000000e10b0000,0x00000000e6d27eb8,0x00000000f5fe0000)
  from space 37696K, 69% used [0x00000000f5fe0000,0x00000000f799d148,0x00000000f84b0000)
  to   space 39552K, 0% used [0x00000000fd960000,0x00000000fd960000,0x0000000100000000)
 ParOldGen       total 93888K, used 57496K [0x00000000a3200000, 0x00000000a8db0000, 0x00000000e10b0000)
  object space 93888K, 61% used [0x00000000a3200000,0x00000000a6a26070,0x00000000a8db0000)
 PSPermGen       total 21248K, used 5935K [0x000000009e000000, 0x000000009f4c0000, 0x00000000a3200000)
  object space 21248K, 27% used [0x000000009e000000,0x000000009e5cbf58,0x000000009f4c0000)
GC Heap History (10 events):
Event: 5.159 GC heap before
{Heap before GC invocations=10 (full 1):
 PSYoungGen      total 208384K, used 187264K [0x00000000e10b0000, 0x00000000efbb0000, 0x0000000100000000)
  eden space 187264K, 100% used [0x00000000e10b0000,0x00000000ec790000,0x00000000ec790000)
  from space 21120K, 0% used [0x00000000edfd0000,0x00000000edfd0000,0x00000000ef470000)
  to   space 24832K, 0% used [0x00000000ec790000,0x00000000ec790000,0x00000000edfd0000)
 ParOldGen       total 93888K, used 39270K [0x00000000a3200000, 0x00000000a8db0000, 0x00000000e10b0000)
  object space 93888K, 41% used [0x00000000a3200000,0x00000000a5859b48,0x00000000a8db0000)
 PSPermGen       total 21248K, used 4667K [0x000000009e000000, 0x000000009f4c0000, 0x00000000a3200000)
  object space 21248K, 21% used [0x000000009e000000,0x000000009e48ee98,0x000000009f4c0000)
Event: 5.177 GC heap after
Heap after GC invocations=10 (full 1):
 PSYoungGen      total 212096K, used 24119K [0x00000000e10b0000, 0x00000000f4490000, 0x0000000100000000)
  eden space 187264K, 0% used [0x00000000e10b0000,0x00000000e10b0000,0x00000000ec790000)
  from space 24832K, 97% used [0x00000000ec790000,0x00000000edf1dff8,0x00000000edfd0000)
  to   space 28992K, 0% used [0x00000000f2840000,0x00000000f2840000,0x00000000f4490000)
 ParOldGen       total 93888K, used 53581K [0x00000000a3200000, 0x00000000a8db0000, 0x00000000e10b0000)
  object space 93888K, 57% used [0x00000000a3200000,0x00000000a6653468,0x00000000a8db0000)
 PSPermGen       total 21248K, used 4667K [0x000000009e000000, 0x000000009f4c0000, 0x00000000a3200000)
  object space 21248K, 21% used [0x000000009e000000,0x000000009e48ee98,0x000000009f4c0000)
}
Event: 6.219 GC heap before
{Heap before GC invocations=11 (full 1):
 PSYoungGen      total 212096K, used 211383K [0x00000000e10b0000, 0x00000000f4490000, 0x0000000100000000)
  eden space 187264K, 100% used [0x00000000e10b0000,0x00000000ec790000,0x00000000ec790000)
  from space 24832K, 97% used [0x00000000ec790000,0x00000000edf1dff8,0x00000000edfd0000)
  to   space 28992K, 0% used [0x00000000f2840000,0x00000000f2840000,0x00000000f4490000)
 ParOldGen       total 93888K, used 53581K [0x00000000a3200000, 0x00000000a8db0000, 0x00000000e10b0000)
  object space 93888K, 57% used [0x00000000a3200000,0x00000000a6653468,0x00000000a8db0000)
 PSPermGen       total 21248K, used 4667K [0x000000009e000000, 0x000000009f4c0000, 0x00000000a3200000)
  object space 21248K, 21% used [0x000000009e000000,0x000000009e48ee98,0x000000009f4c0000)
Event: 6.231 GC heap after
Heap after GC invocations=11 (full 1):
 PSYoungGen      total 283968K, used 20349K [0x00000000e10b0000, 0x00000000f4570000, 0x0000000100000000)
  eden space 254976K, 0% used [0x00000000e10b0000,0x00000000e10b0000,0x00000000f09b0000)
  from space 28992K, 70% used [0x00000000f2840000,0x00000000f3c1f680,0x00000000f4490000)
  to   space 30592K, 0% used [0x00000000f09b0000,0x00000000f09b0000,0x00000000f2790000)
 ParOldGen       total 93888K, used 53581K [0x00000000a3200000, 0x00000000a8db0000, 0x00000000e10b0000)
  object space 93888K, 57% used [0x00000000a3200000,0x00000000a6653468,0x00000000a8db0000)
 PSPermGen       total 21248K, used 4667K [0x000000009e000000, 0x000000009f4c0000, 0x00000000a3200000)
  object space 21248K, 21% used [0x000000009e000000,0x000000009e48ee98,0x000000009f4c0000)
}
Event: 8.030 GC heap before
{Heap before GC invocations=12 (full 1):
 PSYoungGen      total 283968K, used 275325K [0x00000000e10b0000, 0x00000000f4570000, 0x0000000100000000)
  eden space 254976K, 100% used [0x00000000e10b0000,0x00000000f09b0000,0x00000000f09b0000)
  from space 28992K, 70% used [0x00000000f2840000,0x00000000f3c1f680,0x00000000f4490000)
  to   space 30592K, 0% used [0x00000000f09b0000,0x00000000f09b0000,0x00000000f2790000)
 ParOldGen       total 93888K, used 53581K [0x00000000a3200000, 0x00000000a8db0000, 0x00000000e10b0000)
  object space 93888K, 57% used [0x00000000a3200000,0x00000000a6653468,0x00000000a8db0000)
 PSPermGen       total 21248K, used 4667K [0x000000009e000000, 0x000000009f4c0000, 0x00000000a3200000)
  object space 21248K, 21% used [0x000000009e000000,0x000000009e48ee98,0x000000009f4c0000)
Event: 8.055 GC heap after
Heap after GC invocations=12 (full 1):
 PSYoungGen      total 285568K, used 29786K [0x00000000e10b0000, 0x00000000fa720000, 0x0000000100000000)
  eden space 254976K, 0% used [0x00000000e10b0000,0x00000000e10b0000,0x00000000f09b0000)
  from space 30592K, 97% used [0x00000000f09b0000,0x00000000f26c68d8,0x00000000f2790000)
  to   space 35264K, 0% used [0x00000000f84b0000,0x00000000f84b0000,0x00000000fa720000)
 ParOldGen       total 93888K, used 54832K [0x00000000a3200000, 0x00000000a8db0000, 0x00000000e10b0000)
  object space 93888K, 58% used [0x00000000a3200000,0x00000000a678c070,0x00000000a8db0000)
 PSPermGen       total 21248K, used 4667K [0x000000009e000000, 0x000000009f4c0000, 0x00000000a3200000)
  object space 21248K, 21% used [0x000000009e000000,0x000000009e48ee98,0x000000009f4c0000)
}
Event: 9.755 GC heap before
{Heap before GC invocations=13 (full 1):
 PSYoungGen      total 285568K, used 284762K [0x00000000e10b0000, 0x00000000fa720000, 0x0000000100000000)
  eden space 254976K, 100% used [0x00000000e10b0000,0x00000000f09b0000,0x00000000f09b0000)
  from space 30592K, 97% used [0x00000000f09b0000,0x00000000f26c68d8,0x00000000f2790000)
  to   space 35264K, 0% used [0x00000000f84b0000,0x00000000f84b0000,0x00000000fa720000)
 ParOldGen       total 93888K, used 54832K [0x00000000a3200000, 0x00000000a8db0000, 0x00000000e10b0000)
  object space 93888K, 58% used [0x00000000a3200000,0x00000000a678c070,0x00000000a8db0000)
 PSPermGen       total 21248K, used 4668K [0x000000009e000000, 0x000000009f4c0000, 0x00000000a3200000)
  object space 21248K, 21% used [0x000000009e000000,0x000000009e48f1c8,0x000000009f4c0000)
Event: 9.777 GC heap after
Heap after GC invocations=13 (full 1):
 PSYoungGen      total 378496K, used 26233K [0x00000000e10b0000, 0x00000000faa30000, 0x0000000100000000)
  eden space 343232K, 0% used [0x00000000e10b0000,0x00000000e10b0000,0x00000000f5fe0000)
  from space 35264K, 74% used [0x00000000f84b0000,0x00000000f9e4e400,0x00000000fa720000)
  to   space 37696K, 0% used [0x00000000f5fe0000,0x00000000f5fe0000,0x00000000f84b0000)
 ParOldGen       total 93888K, used 56384K [0x00000000a3200000, 0x00000000a8db0000, 0x00000000e10b0000)
  object space 93888K, 60% used [0x00000000a3200000,0x00000000a6910070,0x00000000a8db0000)
 PSPermGen       total 21248K, used 4668K [0x000000009e000000, 0x000000009f4c0000, 0x00000000a3200000)
  object space 21248K, 21% used [0x000000009e000000,0x000000009e48f1c8,0x000000009f4c0000)
}
Event: 12.372 GC heap before
{Heap before GC invocations=14 (full 1):
 PSYoungGen      total 378496K, used 369465K [0x00000000e10b0000, 0x00000000faa30000, 0x0000000100000000)
  eden space 343232K, 100% used [0x00000000e10b0000,0x00000000f5fe0000,0x00000000f5fe0000)
  from space 35264K, 74% used [0x00000000f84b0000,0x00000000f9e4e400,0x00000000fa720000)
  to   space 37696K, 0% used [0x00000000f5fe0000,0x00000000f5fe0000,0x00000000f84b0000)
 ParOldGen       total 93888K, used 56384K [0x00000000a3200000, 0x00000000a8db0000, 0x00000000e10b0000)
  object space 93888K, 60% used [0x00000000a3200000,0x00000000a6910070,0x00000000a8db0000)
 PSPermGen       total 21248K, used 4670K [0x000000009e000000, 0x000000009f4c0000, 0x00000000a3200000)
  object space 21248K, 21% used [0x000000009e000000,0x000000009e48f800,0x000000009f4c0000)
Event: 12.395 GC heap after
Heap after GC invocations=14 (full 1):
 PSYoungGen      total 380928K, used 26356K [0x00000000e10b0000, 0x0000000100000000, 0x0000000100000000)
  eden space 343232K, 0% used [0x00000000e10b0000,0x00000000e10b0000,0x00000000f5fe0000)
  from space 37696K, 69% used [0x00000000f5fe0000,0x00000000f799d148,0x00000000f84b0000)
  to   space 39552K, 0% used [0x00000000fd960000,0x00000000fd960000,0x0000000100000000)
 ParOldGen       total 93888K, used 57496K [0x00000000a3200000, 0x00000000a8db0000, 0x00000000e10b0000)
  object space 93888K, 61% used [0x00000000a3200000,0x00000000a6a26070,0x00000000a8db0000)
 PSPermGen       total 21248K, used 4670K [0x000000009e000000, 0x000000009f4c0000, 0x00000000a3200000)
  object space 21248K, 21% used [0x000000009e000000,0x000000009e48f800,0x000000009f4c0000)
}

